
11.12.2020 14:29:37 Incoming message: _( from: ID 591342003 Kathy @NoWord
11.12.2020 14:29:37 1: mess: _( mess2: _(
11.12.2020 14:29:37 2: mess: _( mess2: _(
11.12.2020 14:29:39 3: mess: _( mess2: _(
11.12.2020 14:29:39 СТАРТ ВЫЗОВА
11.12.2020 14:29:39 {'game_short_name': None, 'chat_instance': '5741340203501352714', 'id': '2539794565929377546', 'from_user': {'id': 591342003, 'is_bot': False, 'first_name': 'Kathy', 'username': 'NoWord', 'last_name': None, 'language_code': 'ru', 'can_join_groups': None, 'can_read_all_group_messages': None, 'supports_inline_queries': None}, 'message': {'content_type': 'text', 'message_id': 990, 'from_user': <telebot.types.User object at 0x05B2EFD0>, 'date': 1605180578, 'chat': <telebot.types.Chat object at 0x05B2EFE8>, 'forward_from': None, 'forward_from_chat': None, 'forward_from_message_id': None, 'forward_signature': None, 'forward_date': None, 'reply_to_message': None, 'edit_date': None, 'media_group_id': None, 'author_signature': None, 'text': 'Разослать это сообщение волонтерам Больнички?', 'entities': None, 'caption_entities': None, 'audio': None, 'document': None, 'photo': None, 'sticker': None, 'video': None, 'video_note': None, 'voice': None, 'caption': None, 'contact': None, 'location': None, 'venue': None, 'animation': None, 'dice': None, 'new_chat_member': None, 'new_chat_members': None, 'left_chat_member': None, 'new_chat_title': None, 'new_chat_photo': None, 'delete_chat_photo': None, 'group_chat_created': None, 'supergroup_chat_created': None, 'channel_chat_created': None, 'migrate_to_chat_id': None, 'migrate_from_chat_id': None, 'pinned_message': None, 'invoice': None, 'successful_payment': None, 'connected_website': None, 'json': {'message_id': 990, 'from': {'id': 1479116142, 'is_bot': True, 'first_name': 'Благотворительная Больничка', 'username': 'BolnichkaBot'}, 'chat': {'id': 591342003, 'first_name': 'Kathy', 'username': 'NoWord', 'type': 'private'}, 'date': 1605180578, 'text': 'Разослать это сообщение волонтерам Больнички?', 'reply_markup': {'inline_keyboard': [[{'text': 'Да', 'callback_data': 'yes'}, {'text': 'Нет', 'callback_data': 'no'}]]}}}, 'data': 'yes', 'inline_message_id': None}
11.12.2020 14:29:39 КОНЕЦ ВЫЗОВА
11.12.2020 14:29:39 4: mess: _( mess2: _(

11.12.2020 14:29:42 Incoming message: Ух from: ID 591342003 Kathy @NoWord
11.12.2020 14:29:42 1: mess: ух mess2: ух
11.12.2020 14:29:42 2: mess: ух mess2: ух
11.12.2020 14:29:43 3: mess: _( mess2: _(
11.12.2020 14:29:43 СТАРТ ВЫЗОВА
11.12.2020 14:29:43 {'game_short_name': None, 'chat_instance': '5741340203501352714', 'id': '2539794567836708296', 'from_user': {'id': 591342003, 'is_bot': False, 'first_name': 'Kathy', 'username': 'NoWord', 'last_name': None, 'language_code': 'ru', 'can_join_groups': None, 'can_read_all_group_messages': None, 'supports_inline_queries': None}, 'message': {'content_type': 'text', 'message_id': 993, 'from_user': <telebot.types.User object at 0x05B2EBE0>, 'date': 1605180582, 'chat': <telebot.types.Chat object at 0x05B2EF10>, 'forward_from': None, 'forward_from_chat': None, 'forward_from_message_id': None, 'forward_signature': None, 'forward_date': None, 'reply_to_message': None, 'edit_date': None, 'media_group_id': None, 'author_signature': None, 'text': 'Разослать это сообщение волонтерам Больнички?', 'entities': None, 'caption_entities': None, 'audio': None, 'document': None, 'photo': None, 'sticker': None, 'video': None, 'video_note': None, 'voice': None, 'caption': None, 'contact': None, 'location': None, 'venue': None, 'animation': None, 'dice': None, 'new_chat_member': None, 'new_chat_members': None, 'left_chat_member': None, 'new_chat_title': None, 'new_chat_photo': None, 'delete_chat_photo': None, 'group_chat_created': None, 'supergroup_chat_created': None, 'channel_chat_created': None, 'migrate_to_chat_id': None, 'migrate_from_chat_id': None, 'pinned_message': None, 'invoice': None, 'successful_payment': None, 'connected_website': None, 'json': {'message_id': 993, 'from': {'id': 1479116142, 'is_bot': True, 'first_name': 'Благотворительная Больничка', 'username': 'BolnichkaBot'}, 'chat': {'id': 591342003, 'first_name': 'Kathy', 'username': 'NoWord', 'type': 'private'}, 'date': 1605180582, 'text': 'Разослать это сообщение волонтерам Больнички?', 'reply_markup': {'inline_keyboard': [[{'text': 'Да', 'callback_data': 'yes'}, {'text': 'Нет', 'callback_data': 'no'}]]}}}, 'data': 'yes', 'inline_message_id': None}
11.12.2020 14:29:43 КОНЕЦ ВЫЗОВА
11.12.2020 14:29:43 4: mess: _( mess2: _(


11.12.2020 14:29:47 Incoming message: Ух from: ID 591342003 Kathy @NoWord
11.12.2020 14:29:47 1: mess: ух mess2: ух
11.12.2020 14:29:47 2: mess: ух mess2: ух
11.12.2020 14:29:48 3: mess: _( mess2: _(
11.12.2020 14:29:48 СТАРТ ВЫЗОВА
11.12.2020 14:29:48 {'game_short_name': None, 'chat_instance': '5741340203501352714', 'id': '2539794566677756458', 'from_user': {'id': 591342003, 'is_bot': False, 'first_name': 'Kathy', 'username': 'NoWord', 'last_name': None, 'language_code': 'ru', 'can_join_groups': None, 'can_read_all_group_messages': None, 'supports_inline_queries': None}, 'message': {'content_type': 'text', 'message_id': 996, 'from_user': <telebot.types.User object at 0x05B2EFE8>, 'date': 1605180588, 'chat': <telebot.types.Chat object at 0x05BC2688>, 'forward_from': None, 'forward_from_chat': None, 'forward_from_message_id': None, 'forward_signature': None, 'forward_date': None, 'reply_to_message': None, 'edit_date': None, 'media_group_id': None, 'author_signature': None, 'text': 'Разослать это сообщение волонтерам Больнички?', 'entities': None, 'caption_entities': None, 'audio': None, 'document': None, 'photo': None, 'sticker': None, 'video': None, 'video_note': None, 'voice': None, 'caption': None, 'contact': None, 'location': None, 'venue': None, 'animation': None, 'dice': None, 'new_chat_member': None, 'new_chat_members': None, 'left_chat_member': None, 'new_chat_title': None, 'new_chat_photo': None, 'delete_chat_photo': None, 'group_chat_created': None, 'supergroup_chat_created': None, 'channel_chat_created': None, 'migrate_to_chat_id': None, 'migrate_from_chat_id': None, 'pinned_message': None, 'invoice': None, 'successful_payment': None, 'connected_website': None, 'json': {'message_id': 996, 'from': {'id': 1479116142, 'is_bot': True, 'first_name': 'Благотворительная Больничка', 'username': 'BolnichkaBot'}, 'chat': {'id': 591342003, 'first_name': 'Kathy', 'username': 'NoWord', 'type': 'private'}, 'date': 1605180588, 'text': 'Разослать это сообщение волонтерам Больнички?', 'reply_markup': {'inline_keyboard': [[{'text': 'Да', 'callback_data': 'yes'}, {'text': 'Нет', 'callback_data': 'no'}]]}}}, 'data': 'yes', 'inline_message_id': None}
11.12.2020 14:29:48 КОНЕЦ ВЫЗОВА
11.12.2020 14:29:49 4: mess: _( mess2: _(


11.12.2020 14:29:50 Incoming message: Нем from: ID 591342003 Kathy @NoWord
11.12.2020 14:29:50 1: mess: нем mess2: нем
11.12.2020 14:29:50 2: mess: нем mess2: нем
11.12.2020 14:29:51 3: mess: _( mess2: _(
11.12.2020 14:29:51 СТАРТ ВЫЗОВА
11.12.2020 14:29:51 {'game_short_name': None, 'chat_instance': '5741340203501352714', 'id': '2539794566743602890', 'from_user': {'id': 591342003, 'is_bot': False, 'first_name': 'Kathy', 'username': 'NoWord', 'last_name': None, 'language_code': 'ru', 'can_join_groups': None, 'can_read_all_group_messages': None, 'supports_inline_queries': None}, 'message': {'content_type': 'text', 'message_id': 999, 'from_user': <telebot.types.User object at 0x05BC25C8>, 'date': 1605180591, 'chat': <telebot.types.Chat object at 0x05BC2988>, 'forward_from': None, 'forward_from_chat': None, 'forward_from_message_id': None, 'forward_signature': None, 'forward_date': None, 'reply_to_message': None, 'edit_date': None, 'media_group_id': None, 'author_signature': None, 'text': 'Разослать это сообщение волонтерам Больнички?', 'entities': None, 'caption_entities': None, 'audio': None, 'document': None, 'photo': None, 'sticker': None, 'video': None, 'video_note': None, 'voice': None, 'caption': None, 'contact': None, 'location': None, 'venue': None, 'animation': None, 'dice': None, 'new_chat_member': None, 'new_chat_members': None, 'left_chat_member': None, 'new_chat_title': None, 'new_chat_photo': None, 'delete_chat_photo': None, 'group_chat_created': None, 'supergroup_chat_created': None, 'channel_chat_created': None, 'migrate_to_chat_id': None, 'migrate_from_chat_id': None, 'pinned_message': None, 'invoice': None, 'successful_payment': None, 'connected_website': None, 'json': {'message_id': 999, 'from': {'id': 1479116142, 'is_bot': True, 'first_name': 'Благотворительная Больничка', 'username': 'BolnichkaBot'}, 'chat': {'id': 591342003, 'first_name': 'Kathy', 'username': 'NoWord', 'type': 'private'}, 'date': 1605180591, 'text': 'Разослать это сообщение волонтерам Больнички?', 'reply_markup': {'inline_keyboard': [[{'text': 'Да', 'callback_data': 'yes'}, {'text': 'Нет', 'callback_data': 'no'}]]}}}, 'data': 'yes', 'inline_message_id': None}
11.12.2020 14:29:51 КОНЕЦ ВЫЗОВА
11.12.2020 14:29:51 4: mess: _( mess2: _(11.12.2020 15:09:01 goodbye ('127.0.0.1', 14014)
11.12.2020 15:09:01 listener closed
11.12.2020 15:09:01 server has terminated
11.12.2020 15:09:09 Incoming message: В по за ваш from: ID 591342003 Kathy @NoWord
11.12.2020 15:09:09 1: mess: в по за ваш mess2: в по за ваш mess3: в по за ваш
11.12.2020 15:09:12 3: mess: в по за ваш mess2: в по за ваш mess3: в по за ваш
11.12.2020 15:09:12 СТАРТ ВЫЗОВА
11.12.2020 15:09:12 {'game_short_name': None, 'chat_instance': '5741340203501352714', 'id': '2539794563891419344', 'from_user': {'id': 591342003, 'is_bot': False, 'first_name': 'Kathy', 'username': 'NoWord', 'last_name': None, 'language_code': 'ru', 'can_join_groups': None, 'can_read_all_group_messages': None, 'supports_inline_queries': None}, 'message': {'content_type': 'text', 'message_id': 1060, 'from_user': <telebot.types.User object at 0x05B2A700>, 'date': 1605182949, 'chat': <telebot.types.Chat object at 0x05B2AD00>, 'forward_from': None, 'forward_from_chat': None, 'forward_from_message_id': None, 'forward_signature': None, 'forward_date': None, 'reply_to_message': None, 'edit_date': None, 'media_group_id': None, 'author_signature': None, 'text': 'Разослать это сообщение волонтерам Больнички?', 'entities': None, 'caption_entities': None, 'audio': None, 'document': None, 'photo': None, 'sticker': None, 'video': None, 'video_note': None, 'voice': None, 'caption': None, 'contact': None, 'location': None, 'venue': None, 'animation': None, 'dice': None, 'new_chat_member': None, 'new_chat_members': None, 'left_chat_member': None, 'new_chat_title': None, 'new_chat_photo': None, 'delete_chat_photo': None, 'group_chat_created': None, 'supergroup_chat_created': None, 'channel_chat_created': None, 'migrate_to_chat_id': None, 'migrate_from_chat_id': None, 'pinned_message': None, 'invoice': None, 'successful_payment': None, 'connected_website': None, 'json': {'message_id': 1060, 'from': {'id': 1479116142, 'is_bot': True, 'first_name': 'Благотворительная Больничка', 'username': 'BolnichkaBot'}, 'chat': {'id': 591342003, 'first_name': 'Kathy', 'username': 'NoWord', 'type': 'private'}, 'date': 1605182949, 'text': 'Разослать это сообщение волонтерам Больнички?', 'reply_markup': {'inline_keyboard': [[{'text': 'Да', 'callback_data': 'yes'}, {'text': 'Нет', 'callback_data': 'no'}]]}}}, 'data': 'yes', 'inline_message_id': None}
11.12.2020 15:09:12 КОНЕЦ ВЫЗОВА
11.12.2020 15:09:12 4: mess: в по за ваш mess2: в по за ваш mess3: в по за ваш
11.12.2020 15:09:17 Incoming message: Метод from: ID 591342003 Kathy @NoWord
11.12.2020 15:09:17 1: mess: метод mess2: метод mess3: метод
11.12.2020 15:09:19 3: mess: в по за ваш mess2: в по за ваш mess3: в по за ваш
11.12.2020 15:09:19 СТАРТ ВЫЗОВА
11.12.2020 15:09:19 {'game_short_name': None, 'chat_instance': '5741340203501352714', 'id': '2539794565501706849', 'from_user': {'id': 591342003, 'is_bot': False, 'first_name': 'Kathy', 'username': 'NoWord', 'last_name': None, 'language_code': 'ru', 'can_join_groups': None, 'can_read_all_group_messages': None, 'supports_inline_queries': None}, 'message': {'content_type': 'text', 'message_id': 1063, 'from_user': <telebot.types.User object at 0x05B2ACD0>, 'date': 1605182958, 'chat': <telebot.types.Chat object at 0x05B2AFA0>, 'forward_from': None, 'forward_from_chat': None, 'forward_from_message_id': None, 'forward_signature': None, 'forward_date': None, 'reply_to_message': None, 'edit_date': None, 'media_group_id': None, 'author_signature': None, 'text': 'Разослать это сообщение волонтерам Больнички?', 'entities': None, 'caption_entities': None, 'audio': None, 'document': None, 'photo': None, 'sticker': None, 'video': None, 'video_note': None, 'voice': None, 'caption': None, 'contact': None, 'location': None, 'venue': None, 'animation': None, 'dice': None, 'new_chat_member': None, 'new_chat_members': None, 'left_chat_member': None, 'new_chat_title': None, 'new_chat_photo': None, 'delete_chat_photo': None, 'group_chat_created': None, 'supergroup_chat_created': None, 'channel_chat_created': None, 'migrate_to_chat_id': None, 'migrate_from_chat_id': None, 'pinned_message': None, 'invoice': None, 'successful_payment': None, 'connected_website': None, 'json': {'message_id': 1063, 'from': {'id': 1479116142, 'is_bot': True, 'first_name': 'Благотворительная Больничка', 'username': 'BolnichkaBot'}, 'chat': {'id': 591342003, 'first_name': 'Kathy', 'username': 'NoWord', 'type': 'private'}, 'date': 1605182958, 'text': 'Разослать это сообщение волонтерам Больнички?', 'reply_markup': {'inline_keyboard': [[{'text': 'Да', 'callback_data': 'yes'}, {'text': 'Нет', 'callback_data': 'no'}]]}}}, 'data': 'yes', 'inline_message_id': None}
11.12.2020 15:09:19 КОНЕЦ ВЫЗОВА
11.12.2020 15:09:19 4: mess: в по за ваш mess2: в по за ваш mess3: в по за ваш
11.12.2020 15:10:13 goodbye ('127.0.0.1', 14043)
11.12.2020 15:10:13 listener closed
11.12.2020 15:10:13 server has terminated
11.12.2020 15:10:19 Incoming message: Ваш from: ID 591342003 Kathy @NoWord
11.12.2020 15:10:19 1: mess: ваш mess2: ваш mess3: ваш
11.12.2020 15:10:20 3: mess: ваш mess2: ваш mess3: ваш
11.12.2020 15:10:20 СТАРТ ВЫЗОВА
11.12.2020 15:10:20 {'game_short_name': None, 'chat_instance': '5741340203501352714', 'id': '2539794567721947407', 'from_user': {'id': 591342003, 'is_bot': False, 'first_name': 'Kathy', 'username': 'NoWord', 'last_name': None, 'language_code': 'ru', 'can_join_groups': None, 'can_read_all_group_messages': None, 'supports_inline_queries': None}, 'message': {'content_type': 'text', 'message_id': 1066, 'from_user': <telebot.types.User object at 0x05B2AFE8>, 'date': 1605183019, 'chat': <telebot.types.Chat object at 0x05B2AA30>, 'forward_from': None, 'forward_from_chat': None, 'forward_from_message_id': None, 'forward_signature': None, 'forward_date': None, 'reply_to_message': None, 'edit_date': None, 'media_group_id': None, 'author_signature': None, 'text': 'Разослать это сообщение волонтерам Больнички?', 'entities': None, 'caption_entities': None, 'audio': None, 'document': None, 'photo': None, 'sticker': None, 'video': None, 'video_note': None, 'voice': None, 'caption': None, 'contact': None, 'location': None, 'venue': None, 'animation': None, 'dice': None, 'new_chat_member': None, 'new_chat_members': None, 'left_chat_member': None, 'new_chat_title': None, 'new_chat_photo': None, 'delete_chat_photo': None, 'group_chat_created': None, 'supergroup_chat_created': None, 'channel_chat_created': None, 'migrate_to_chat_id': None, 'migrate_from_chat_id': None, 'pinned_message': None, 'invoice': None, 'successful_payment': None, 'connected_website': None, 'json': {'message_id': 1066, 'from': {'id': 1479116142, 'is_bot': True, 'first_name': 'Благотворительная Больничка', 'username': 'BolnichkaBot'}, 'chat': {'id': 591342003, 'first_name': 'Kathy', 'username': 'NoWord', 'type': 'private'}, 'date': 1605183019, 'text': 'Разослать это сообщение волонтерам Больнички?', 'reply_markup': {'inline_keyboard': [[{'text': 'Да', 'callback_data': 'yes'}, {'text': 'Нет', 'callback_data': 'no'}]]}}}, 'data': 'yes', 'inline_message_id': None}
11.12.2020 15:10:20 КОНЕЦ ВЫЗОВА
11.12.2020 15:10:20 4: mess: ваш mess2: ваш mess3: ваш
11.12.2020 15:10:22 Incoming message: Инь from: ID 591342003 Kathy @NoWord
11.12.2020 15:10:22 1: mess: инь mess2: инь mess3: инь
11.12.2020 15:10:24 3: mess: ваш mess2: ваш mess3: ваш
11.12.2020 15:10:24 СТАРТ ВЫЗОВА
11.12.2020 15:10:24 {'game_short_name': None, 'chat_instance': '5741340203501352714', 'id': '2539794565607516242', 'from_user': {'id': 591342003, 'is_bot': False, 'first_name': 'Kathy', 'username': 'NoWord', 'last_name': None, 'language_code': 'ru', 'can_join_groups': None, 'can_read_all_group_messages': None, 'supports_inline_queries': None}, 'message': {'content_type': 'text', 'message_id': 1069, 'from_user': <telebot.types.User object at 0x05B2AF40>, 'date': 1605183023, 'chat': <telebot.types.Chat object at 0x05B2A5C8>, 'forward_from': None, 'forward_from_chat': None, 'forward_from_message_id': None, 'forward_signature': None, 'forward_date': None, 'reply_to_message': None, 'edit_date': None, 'media_group_id': None, 'author_signature': None, 'text': 'Разослать это сообщение волонтерам Больнички?', 'entities': None, 'caption_entities': None, 'audio': None, 'document': None, 'photo': None, 'sticker': None, 'video': None, 'video_note': None, 'voice': None, 'caption': None, 'contact': None, 'location': None, 'venue': None, 'animation': None, 'dice': None, 'new_chat_member': None, 'new_chat_members': None, 'left_chat_member': None, 'new_chat_title': None, 'new_chat_photo': None, 'delete_chat_photo': None, 'group_chat_created': None, 'supergroup_chat_created': None, 'channel_chat_created': None, 'migrate_to_chat_id': None, 'migrate_from_chat_id': None, 'pinned_message': None, 'invoice': None, 'successful_payment': None, 'connected_website': None, 'json': {'message_id': 1069, 'from': {'id': 1479116142, 'is_bot': True, 'first_name': 'Благотворительная Больничка', 'username': 'BolnichkaBot'}, 'chat': {'id': 591342003, 'first_name': 'Kathy', 'username': 'NoWord', 'type': 'private'}, 'date': 1605183023, 'text': 'Разослать это сообщение волонтерам Больнички?', 'reply_markup': {'inline_keyboard': [[{'text': 'Да', 'callback_data': 'yes'}, {'text': 'Нет', 'callback_data': 'no'}]]}}}, 'data': 'yes', 'inline_message_id': None}
11.12.2020 15:10:24 КОНЕЦ ВЫЗОВА
11.12.2020 15:10:24 4: mess: ваш mess2: ваш mess3: ваш
11.12.2020 15:11:03 goodbye ('127.0.0.1', 14049)
11.12.2020 15:11:03 listener closed
11.12.2020 15:11:03 server has terminated
11.12.2020 15:11:09 Incoming message: Ар from: ID 591342003 Kathy @NoWord
11.12.2020 15:11:09 1: mess: ар mess2: ар mess3: ар
11.12.2020 15:11:10 3: mess: ар mess2: ар mess3: ар
11.12.2020 15:11:10 СТАРТ ВЫЗОВА
11.12.2020 15:11:10 {'game_short_name': None, 'chat_instance': '5741340203501352714', 'id': '2539794563942674778', 'from_user': {'id': 591342003, 'is_bot': False, 'first_name': 'Kathy', 'username': 'NoWord', 'last_name': None, 'language_code': 'ru', 'can_join_groups': None, 'can_read_all_group_messages': None, 'supports_inline_queries': None}, 'message': {'content_type': 'text', 'message_id': 1072, 'from_user': <telebot.types.User object at 0x05B2DFE8>, 'date': 1605183069, 'chat': <telebot.types.Chat object at 0x05B2DA30>, 'forward_from': None, 'forward_from_chat': None, 'forward_from_message_id': None, 'forward_signature': None, 'forward_date': None, 'reply_to_message': None, 'edit_date': None, 'media_group_id': None, 'author_signature': None, 'text': 'Разослать это сообщение волонтерам Больнички?', 'entities': None, 'caption_entities': None, 'audio': None, 'document': None, 'photo': None, 'sticker': None, 'video': None, 'video_note': None, 'voice': None, 'caption': None, 'contact': None, 'location': None, 'venue': None, 'animation': None, 'dice': None, 'new_chat_member': None, 'new_chat_members': None, 'left_chat_member': None, 'new_chat_title': None, 'new_chat_photo': None, 'delete_chat_photo': None, 'group_chat_created': None, 'supergroup_chat_created': None, 'channel_chat_created': None, 'migrate_to_chat_id': None, 'migrate_from_chat_id': None, 'pinned_message': None, 'invoice': None, 'successful_payment': None, 'connected_website': None, 'json': {'message_id': 1072, 'from': {'id': 1479116142, 'is_bot': True, 'first_name': 'Благотворительная Больничка', 'username': 'BolnichkaBot'}, 'chat': {'id': 591342003, 'first_name': 'Kathy', 'username': 'NoWord', 'type': 'private'}, 'date': 1605183069, 'text': 'Разослать это сообщение волонтерам Больнички?', 'reply_markup': {'inline_keyboard': [[{'text': 'Да', 'callback_data': 'yes'}, {'text': 'Нет', 'callback_data': 'no'}]]}}}, 'data': 'yes', 'inline_message_id': None}
11.12.2020 15:11:10 КОНЕЦ ВЫЗОВА
11.12.2020 15:11:10 4: mess: ар mess2: ар mess3: ар
11.12.2020 15:11:13 Incoming message: Со from: ID 591342003 Kathy @NoWord
11.12.2020 15:11:13 1: mess: со mess2: со mess3: со
11.12.2020 15:11:14 3: mess: ар mess2: ар mess3: ар
11.12.2020 15:11:14 СТАРТ ВЫЗОВА
11.12.2020 15:11:14 {'game_short_name': None, 'chat_instance': '5741340203501352714', 'id': '2539794565746542399', 'from_user': {'id': 591342003, 'is_bot': False, 'first_name': 'Kathy', 'username': 'NoWord', 'last_name': None, 'language_code': 'ru', 'can_join_groups': None, 'can_read_all_group_messages': None, 'supports_inline_queries': None}, 'message': {'content_type': 'text', 'message_id': 1075, 'from_user': <telebot.types.User object at 0x05B2DF28>, 'date': 1605183073, 'chat': <telebot.types.Chat object at 0x05B2D5C8>, 'forward_from': None, 'forward_from_chat': None, 'forward_from_message_id': None, 'forward_signature': None, 'forward_date': None, 'reply_to_message': None, 'edit_date': None, 'media_group_id': None, 'author_signature': None, 'text': 'Разослать это сообщение волонтерам Больнички?', 'entities': None, 'caption_entities': None, 'audio': None, 'document': None, 'photo': None, 'sticker': None, 'video': None, 'video_note': None, 'voice': None, 'caption': None, 'contact': None, 'location': None, 'venue': None, 'animation': None, 'dice': None, 'new_chat_member': None, 'new_chat_members': None, 'left_chat_member': None, 'new_chat_title': None, 'new_chat_photo': None, 'delete_chat_photo': None, 'group_chat_created': None, 'supergroup_chat_created': None, 'channel_chat_created': None, 'migrate_to_chat_id': None, 'migrate_from_chat_id': None, 'pinned_message': None, 'invoice': None, 'successful_payment': None, 'connected_website': None, 'json': {'message_id': 1075, 'from': {'id': 1479116142, 'is_bot': True, 'first_name': 'Благотворительная Больничка', 'username': 'BolnichkaBot'}, 'chat': {'id': 591342003, 'first_name': 'Kathy', 'username': 'NoWord', 'type': 'private'}, 'date': 1605183073, 'text': 'Разослать это сообщение волонтерам Больнички?', 'reply_markup': {'inline_keyboard': [[{'text': 'Да', 'callback_data': 'yes'}, {'text': 'Нет', 'callback_data': 'no'}]]}}}, 'data': 'yes', 'inline_message_id': None}
11.12.2020 15:11:14 КОНЕЦ ВЫЗОВА
11.12.2020 15:11:14 4: mess: ар mess2: ар mess3: ар
11.12.2020 15:11:47 goodbye ('127.0.0.1', 14056)
11.12.2020 15:11:47 listener closed
11.12.2020 15:11:47 server has terminated
11.12.2020 15:11:52 goodbye ('127.0.0.1', 14066)
11.12.2020 15:11:52 listener closed
11.12.2020 15:11:52 server has terminated
11.12.2020 15:11:55 Incoming message: 0 from: ID 591342003 Kathy @NoWord
11.12.2020 15:11:55 1: mess: 0 mess2: 0 mess3: 0
11.12.2020 15:11:57 3: mess: 0 mess2: 0 mess3: 0
11.12.2020 15:11:57 СТАРТ ВЫЗОВА
11.12.2020 15:11:57 {'game_short_name': None, 'chat_instance': '5741340203501352714', 'id': '2539794565300699397', 'from_user': {'id': 591342003, 'is_bot': False, 'first_name': 'Kathy', 'username': 'NoWord', 'last_name': None, 'language_code': 'ru', 'can_join_groups': None, 'can_read_all_group_messages': None, 'supports_inline_queries': None}, 'message': {'content_type': 'text', 'message_id': 1078, 'from_user': <telebot.types.User object at 0x05B2DFE8>, 'date': 1605183116, 'chat': <telebot.types.Chat object at 0x05B2DD48>, 'forward_from': None, 'forward_from_chat': None, 'forward_from_message_id': None, 'forward_signature': None, 'forward_date': None, 'reply_to_message': None, 'edit_date': None, 'media_group_id': None, 'author_signature': None, 'text': 'Разослать это сообщение волонтерам Больнички?', 'entities': None, 'caption_entities': None, 'audio': None, 'document': None, 'photo': None, 'sticker': None, 'video': None, 'video_note': None, 'voice': None, 'caption': None, 'contact': None, 'location': None, 'venue': None, 'animation': None, 'dice': None, 'new_chat_member': None, 'new_chat_members': None, 'left_chat_member': None, 'new_chat_title': None, 'new_chat_photo': None, 'delete_chat_photo': None, 'group_chat_created': None, 'supergroup_chat_created': None, 'channel_chat_created': None, 'migrate_to_chat_id': None, 'migrate_from_chat_id': None, 'pinned_message': None, 'invoice': None, 'successful_payment': None, 'connected_website': None, 'json': {'message_id': 1078, 'from': {'id': 1479116142, 'is_bot': True, 'first_name': 'Благотворительная Больничка', 'username': 'BolnichkaBot'}, 'chat': {'id': 591342003, 'first_name': 'Kathy', 'username': 'NoWord', 'type': 'private'}, 'date': 1605183116, 'text': 'Разослать это сообщение волонтерам Больнички?', 'reply_markup': {'inline_keyboard': [[{'text': 'Да', 'callback_data': 'yes'}, {'text': 'Нет', 'callback_data': 'no'}]]}}}, 'data': 'yes', 'inline_message_id': None}
11.12.2020 15:11:57 КОНЕЦ ВЫЗОВА
11.12.2020 15:11:57 4: mess: 0 mess2: 0 mess3: 0
11.12.2020 15:11:59 Incoming message: 333 from: ID 591342003 Kathy @NoWord
11.12.2020 15:11:59 1: mess: 333 mess2: 333 mess3: 333
11.12.2020 15:12:00 3: mess: 0 mess2: 0 mess3: 0
11.12.2020 15:12:00 СТАРТ ВЫЗОВА
11.12.2020 15:12:00 {'game_short_name': None, 'chat_instance': '5741340203501352714', 'id': '2539794564760537125', 'from_user': {'id': 591342003, 'is_bot': False, 'first_name': 'Kathy', 'username': 'NoWord', 'last_name': None, 'language_code': 'ru', 'can_join_groups': None, 'can_read_all_group_messages': None, 'supports_inline_queries': None}, 'message': {'content_type': 'text', 'message_id': 1081, 'from_user': <telebot.types.User object at 0x05B2DF58>, 'date': 1605183120, 'chat': <telebot.types.Chat object at 0x05C00718>, 'forward_from': None, 'forward_from_chat': None, 'forward_from_message_id': None, 'forward_signature': None, 'forward_date': None, 'reply_to_message': None, 'edit_date': None, 'media_group_id': None, 'author_signature': None, 'text': 'Разослать это сообщение волонтерам Больнички?', 'entities': None, 'caption_entities': None, 'audio': None, 'document': None, 'photo': None, 'sticker': None, 'video': None, 'video_note': None, 'voice': None, 'caption': None, 'contact': None, 'location': None, 'venue': None, 'animation': None, 'dice': None, 'new_chat_member': None, 'new_chat_members': None, 'left_chat_member': None, 'new_chat_title': None, 'new_chat_photo': None, 'delete_chat_photo': None, 'group_chat_created': None, 'supergroup_chat_created': None, 'channel_chat_created': None, 'migrate_to_chat_id': None, 'migrate_from_chat_id': None, 'pinned_message': None, 'invoice': None, 'successful_payment': None, 'connected_website': None, 'json': {'message_id': 1081, 'from': {'id': 1479116142, 'is_bot': True, 'first_name': 'Благотворительная Больничка', 'username': 'BolnichkaBot'}, 'chat': {'id': 591342003, 'first_name': 'Kathy', 'username': 'NoWord', 'type': 'private'}, 'date': 1605183120, 'text': 'Разослать это сообщение волонтерам Больнички?', 'reply_markup': {'inline_keyboard': [[{'text': 'Да', 'callback_data': 'yes'}, {'text': 'Нет', 'callback_data': 'no'}]]}}}, 'data': 'yes', 'inline_message_id': None}
11.12.2020 15:12:00 КОНЕЦ ВЫЗОВА
11.12.2020 15:12:00 4: mess: 0 mess2: 0 mess3: 0
11.12.2020 15:13:04 goodbye ('127.0.0.1', 14069)
11.12.2020 15:13:04 listener closed
11.12.2020 15:13:04 server has terminated
11.12.2020 15:13:10 Incoming message: 3333333 from: ID 591342003 Kathy @NoWord
11.12.2020 15:13:10 1: mess: 3333333 mess2: 3333333 mess3: 3333333
11.12.2020 15:13:11 3: mess: 3333333 mess2: 3333333 mess3: 3333333
11.12.2020 15:13:11 СТАРТ ВЫЗОВА
11.12.2020 15:13:11 {'game_short_name': None, 'chat_instance': '5741340203501352714', 'id': '2539794566866623548', 'from_user': {'id': 591342003, 'is_bot': False, 'first_name': 'Kathy', 'username': 'NoWord', 'last_name': None, 'language_code': 'ru', 'can_join_groups': None, 'can_read_all_group_messages': None, 'supports_inline_queries': None}, 'message': {'content_type': 'text', 'message_id': 1084, 'from_user': <telebot.types.User object at 0x05B2AFB8>, 'date': 1605183190, 'chat': <telebot.types.Chat object at 0x05B2ACD0>, 'forward_from': None, 'forward_from_chat': None, 'forward_from_message_id': None, 'forward_signature': None, 'forward_date': None, 'reply_to_message': None, 'edit_date': None, 'media_group_id': None, 'author_signature': None, 'text': 'Разослать это сообщение волонтерам Больнички?', 'entities': None, 'caption_entities': None, 'audio': None, 'document': None, 'photo': None, 'sticker': None, 'video': None, 'video_note': None, 'voice': None, 'caption': None, 'contact': None, 'location': None, 'venue': None, 'animation': None, 'dice': None, 'new_chat_member': None, 'new_chat_members': None, 'left_chat_member': None, 'new_chat_title': None, 'new_chat_photo': None, 'delete_chat_photo': None, 'group_chat_created': None, 'supergroup_chat_created': None, 'channel_chat_created': None, 'migrate_to_chat_id': None, 'migrate_from_chat_id': None, 'pinned_message': None, 'invoice': None, 'successful_payment': None, 'connected_website': None, 'json': {'message_id': 1084, 'from': {'id': 1479116142, 'is_bot': True, 'first_name': 'Благотворительная Больничка', 'username': 'BolnichkaBot'}, 'chat': {'id': 591342003, 'first_name': 'Kathy', 'username': 'NoWord', 'type': 'private'}, 'date': 1605183190, 'text': 'Разослать это сообщение волонтерам Больнички?', 'reply_markup': {'inline_keyboard': [[{'text': 'Да', 'callback_data': 'yes'}, {'text': 'Нет', 'callback_data': 'no'}]]}}}, 'data': 'yes', 'inline_message_id': None}
11.12.2020 15:13:11 КОНЕЦ ВЫЗОВА
11.12.2020 15:13:11 4: mess: 3333333 mess2: 3333333 mess3: 3333333
11.12.2020 15:13:13 Incoming message: 5555666 from: ID 591342003 Kathy @NoWord
11.12.2020 15:13:13 1: mess: 5555666 mess2: 5555666 mess3: 5555666
11.12.2020 15:13:14 3: mess: 3333333 mess2: 3333333 mess3: 3333333
11.12.2020 15:13:14 СТАРТ ВЫЗОВА
11.12.2020 15:13:14 {'game_short_name': None, 'chat_instance': '5741340203501352714', 'id': '2539794565719203592', 'from_user': {'id': 591342003, 'is_bot': False, 'first_name': 'Kathy', 'username': 'NoWord', 'last_name': None, 'language_code': 'ru', 'can_join_groups': None, 'can_read_all_group_messages': None, 'supports_inline_queries': None}, 'message': {'content_type': 'text', 'message_id': 1087, 'from_user': <telebot.types.User object at 0x05B2A700>, 'date': 1605183194, 'chat': <telebot.types.Chat object at 0x05B2AF10>, 'forward_from': None, 'forward_from_chat': None, 'forward_from_message_id': None, 'forward_signature': None, 'forward_date': None, 'reply_to_message': None, 'edit_date': None, 'media_group_id': None, 'author_signature': None, 'text': 'Разослать это сообщение волонтерам Больнички?', 'entities': None, 'caption_entities': None, 'audio': None, 'document': None, 'photo': None, 'sticker': None, 'video': None, 'video_note': None, 'voice': None, 'caption': None, 'contact': None, 'location': None, 'venue': None, 'animation': None, 'dice': None, 'new_chat_member': None, 'new_chat_members': None, 'left_chat_member': None, 'new_chat_title': None, 'new_chat_photo': None, 'delete_chat_photo': None, 'group_chat_created': None, 'supergroup_chat_created': None, 'channel_chat_created': None, 'migrate_to_chat_id': None, 'migrate_from_chat_id': None, 'pinned_message': None, 'invoice': None, 'successful_payment': None, 'connected_website': None, 'json': {'message_id': 1087, 'from': {'id': 1479116142, 'is_bot': True, 'first_name': 'Благотворительная Больничка', 'username': 'BolnichkaBot'}, 'chat': {'id': 591342003, 'first_name': 'Kathy', 'username': 'NoWord', 'type': 'private'}, 'date': 1605183194, 'text': 'Разослать это сообщение волонтерам Больнички?', 'reply_markup': {'inline_keyboard': [[{'text': 'Да', 'callback_data': 'yes'}, {'text': 'Нет', 'callback_data': 'no'}]]}}}, 'data': 'yes', 'inline_message_id': None}
11.12.2020 15:13:14 КОНЕЦ ВЫЗОВА
11.12.2020 15:13:15 4: mess: 3333333 mess2: 3333333 mess3: 3333333
11.12.2020 15:14:07 goodbye ('127.0.0.1', 14075)
11.12.2020 15:14:07 listener closed
11.12.2020 15:14:07 server has terminated
11.12.2020 15:14:10 Incoming message: 123 from: ID 591342003 Kathy @NoWord
11.12.2020 15:14:10 1: mess: 123 mess2: 123 mess3: 123
11.12.2020 15:14:11 3: mess: 123 mess2: 123 mess3: 123
11.12.2020 15:14:11 СТАРТ ВЫЗОВА
11.12.2020 15:14:11 {'game_short_name': None, 'chat_instance': '5741340203501352714', 'id': '2539794564065767622', 'from_user': {'id': 591342003, 'is_bot': False, 'first_name': 'Kathy', 'username': 'NoWord', 'last_name': None, 'language_code': 'ru', 'can_join_groups': None, 'can_read_all_group_messages': None, 'supports_inline_queries': None}, 'message': {'content_type': 'text', 'message_id': 1090, 'from_user': <telebot.types.User object at 0x05B2CFE8>, 'date': 1605183251, 'chat': <telebot.types.Chat object at 0x05B2CD48>, 'forward_from': None, 'forward_from_chat': None, 'forward_from_message_id': None, 'forward_signature': None, 'forward_date': None, 'reply_to_message': None, 'edit_date': None, 'media_group_id': None, 'author_signature': None, 'text': 'Разослать это сообщение волонтерам Больнички?', 'entities': None, 'caption_entities': None, 'audio': None, 'document': None, 'photo': None, 'sticker': None, 'video': None, 'video_note': None, 'voice': None, 'caption': None, 'contact': None, 'location': None, 'venue': None, 'animation': None, 'dice': None, 'new_chat_member': None, 'new_chat_members': None, 'left_chat_member': None, 'new_chat_title': None, 'new_chat_photo': None, 'delete_chat_photo': None, 'group_chat_created': None, 'supergroup_chat_created': None, 'channel_chat_created': None, 'migrate_to_chat_id': None, 'migrate_from_chat_id': None, 'pinned_message': None, 'invoice': None, 'successful_payment': None, 'connected_website': None, 'json': {'message_id': 1090, 'from': {'id': 1479116142, 'is_bot': True, 'first_name': 'Благотворительная Больничка', 'username': 'BolnichkaBot'}, 'chat': {'id': 591342003, 'first_name': 'Kathy', 'username': 'NoWord', 'type': 'private'}, 'date': 1605183251, 'text': 'Разослать это сообщение волонтерам Больнички?', 'reply_markup': {'inline_keyboard': [[{'text': 'Да', 'callback_data': 'yes'}, {'text': 'Нет', 'callback_data': 'no'}]]}}}, 'data': 'yes', 'inline_message_id': None}
11.12.2020 15:14:11 КОНЕЦ ВЫЗОВА
11.12.2020 15:14:11 4: mess: 123 mess2: 123 mess3: 123
11.12.2020 15:14:13 Incoming message: 456 from: ID 591342003 Kathy @NoWord
11.12.2020 15:14:13 1: mess: 456 mess2: 456 mess3: 456
11.12.2020 15:14:14 3: mess: 123 mess2: 123 mess3: 123
11.12.2020 15:14:14 СТАРТ ВЫЗОВА
11.12.2020 15:14:14 {'game_short_name': None, 'chat_instance': '5741340203501352714', 'id': '2539794564077588268', 'from_user': {'id': 591342003, 'is_bot': False, 'first_name': 'Kathy', 'username': 'NoWord', 'last_name': None, 'language_code': 'ru', 'can_join_groups': None, 'can_read_all_group_messages': None, 'supports_inline_queries': None}, 'message': {'content_type': 'text', 'message_id': 1093, 'from_user': <telebot.types.User object at 0x05B2CC40>, 'date': 1605183254, 'chat': <telebot.types.Chat object at 0x05B2CBE0>, 'forward_from': None, 'forward_from_chat': None, 'forward_from_message_id': None, 'forward_signature': None, 'forward_date': None, 'reply_to_message': None, 'edit_date': None, 'media_group_id': None, 'author_signature': None, 'text': 'Разослать это сообщение волонтерам Больнички?', 'entities': None, 'caption_entities': None, 'audio': None, 'document': None, 'photo': None, 'sticker': None, 'video': None, 'video_note': None, 'voice': None, 'caption': None, 'contact': None, 'location': None, 'venue': None, 'animation': None, 'dice': None, 'new_chat_member': None, 'new_chat_members': None, 'left_chat_member': None, 'new_chat_title': None, 'new_chat_photo': None, 'delete_chat_photo': None, 'group_chat_created': None, 'supergroup_chat_created': None, 'channel_chat_created': None, 'migrate_to_chat_id': None, 'migrate_from_chat_id': None, 'pinned_message': None, 'invoice': None, 'successful_payment': None, 'connected_website': None, 'json': {'message_id': 1093, 'from': {'id': 1479116142, 'is_bot': True, 'first_name': 'Благотворительная Больничка', 'username': 'BolnichkaBot'}, 'chat': {'id': 591342003, 'first_name': 'Kathy', 'username': 'NoWord', 'type': 'private'}, 'date': 1605183254, 'text': 'Разослать это сообщение волонтерам Больнички?', 'reply_markup': {'inline_keyboard': [[{'text': 'Да', 'callback_data': 'yes'}, {'text': 'Нет', 'callback_data': 'no'}]]}}}, 'data': 'yes', 'inline_message_id': None}
11.12.2020 15:14:14 КОНЕЦ ВЫЗОВА
11.12.2020 15:14:15 4: mess: 123 mess2: 123 mess3: 123
11.13.2020 11:20:15 goodbye ('127.0.0.1', 14081)
11.13.2020 11:20:15 listener closed
11.13.2020 11:20:15 server has terminated
11.13.2020 11:21:24 
_ _ _ _ _ _ _ _ _ _ _ _ _ Incoming message _ _ _ _ _ _ _ _ _ _ _ _ _ _ _ _ _ _ 
11.13.2020 11:21:24 Incoming message: Вв from: ID 591342003 Kathy @NoWord
11.13.2020 11:21:24 1: mess: вв mess2:  mess3: 
11.13.2020 11:21:27 3: mess: вв mess2:  mess3: 
11.13.2020 11:21:27 СТАРТ ВЫЗОВА
11.13.2020 11:21:27 {'game_short_name': None, 'chat_instance': '5741340203501352714', 'id': '2539794566748152325', 'from_user': {'id': 591342003, 'is_bot': False, 'first_name': 'Kathy', 'username': 'NoWord', 'last_name': None, 'language_code': 'ru', 'can_join_groups': None, 'can_read_all_group_messages': None, 'supports_inline_queries': None}, 'message': {'content_type': 'text', 'message_id': 1096, 'from_user': <telebot.types.User object at 0x05B2DFE8>, 'date': 1605255683, 'chat': <telebot.types.Chat object at 0x05B2DA18>, 'forward_from': None, 'forward_from_chat': None, 'forward_from_message_id': None, 'forward_signature': None, 'forward_date': None, 'reply_to_message': None, 'edit_date': None, 'media_group_id': None, 'author_signature': None, 'text': 'Разослать это сообщение волонтерам Больнички?', 'entities': None, 'caption_entities': None, 'audio': None, 'document': None, 'photo': None, 'sticker': None, 'video': None, 'video_note': None, 'voice': None, 'caption': None, 'contact': None, 'location': None, 'venue': None, 'animation': None, 'dice': None, 'new_chat_member': None, 'new_chat_members': None, 'left_chat_member': None, 'new_chat_title': None, 'new_chat_photo': None, 'delete_chat_photo': None, 'group_chat_created': None, 'supergroup_chat_created': None, 'channel_chat_created': None, 'migrate_to_chat_id': None, 'migrate_from_chat_id': None, 'pinned_message': None, 'invoice': None, 'successful_payment': None, 'connected_website': None, 'json': {'message_id': 1096, 'from': {'id': 1479116142, 'is_bot': True, 'first_name': 'Благотворительная Больничка', 'username': 'BolnichkaBot'}, 'chat': {'id': 591342003, 'first_name': 'Kathy', 'username': 'NoWord', 'type': 'private'}, 'date': 1605255683, 'text': 'Разослать это сообщение волонтерам Больнички?', 'reply_markup': {'inline_keyboard': [[{'text': 'Да', 'callback_data': 'yes'}, {'text': 'Нет', 'callback_data': 'no'}]]}}}, 'data': 'yes', 'inline_message_id': None}
11.13.2020 11:21:27 КОНЕЦ ВЫЗОВА
11.13.2020 11:21:27 ApiTelegramException occurred, args=('A request to the Telegram API was unsuccessful. Error code: 400 Description: Bad Request: message text is empty',)
Traceback (most recent call last):
  File "C:\Program Files (x86)\Python38-32\lib\site-packages\telebot\util.py", line 69, in run
    task(*args, **kwargs)
  File "C:\Users\EKAU.STARSPB\Desktop\BolnichkaBot\test.py", line 180, in callback_worker
    bot.send_message(message.from_user.id,mess4)
  File "C:\Program Files (x86)\Python38-32\lib\site-packages\telebot\__init__.py", line 640, in send_message
    apihelper.send_message(self.token, chat_id, text, disable_web_page_preview, reply_to_message_id,
  File "C:\Program Files (x86)\Python38-32\lib\site-packages\telebot\apihelper.py", line 201, in send_message
    return _make_request(token, method_url, params=payload, method='post')
  File "C:\Program Files (x86)\Python38-32\lib\site-packages\telebot\apihelper.py", line 108, in _make_request
    json_result = _check_result(method_name, result)
  File "C:\Program Files (x86)\Python38-32\lib\site-packages\telebot\apihelper.py", line 135, in _check_result
    raise ApiTelegramException(method_name, result, result_json)
telebot.apihelper.ApiTelegramException: A request to the Telegram API was unsuccessful. Error code: 400 Description: Bad Request: message text is empty

11.13.2020 11:21:27 A request to the Telegram API was unsuccessful. Error code: 400 Description: Bad Request: message text is empty
11.13.2020 11:21:59 goodbye ('127.0.0.1', 4291)
11.13.2020 11:21:59 listener closed
11.13.2020 11:21:59 server has terminated
11.13.2020 11:23:19 goodbye ('127.0.0.1', 4320)
11.13.2020 11:23:19 listener closed
11.13.2020 11:23:19 server has terminated
11.13.2020 11:23:23 
_ _ _ _ _ _ _ _ _ _ _ _ _ Incoming message _ _ _ _ _ _ _ _ _ _ _ _ _ _ _ _ _ _ 
11.13.2020 11:23:23 Incoming message: Ее from: ID 591342003 Kathy @NoWord
11.13.2020 11:23:23 1: mess: ее mess2:  mess3: 
11.13.2020 11:23:25 3: mess: ее mess2:  mess3: 
11.13.2020 11:23:25 СТАРТ ВЫЗОВА
11.13.2020 11:23:25 {'game_short_name': None, 'chat_instance': '5741340203501352714', 'id': '2539794565742147885', 'from_user': {'id': 591342003, 'is_bot': False, 'first_name': 'Kathy', 'username': 'NoWord', 'last_name': None, 'language_code': 'ru', 'can_join_groups': None, 'can_read_all_group_messages': None, 'supports_inline_queries': None}, 'message': {'content_type': 'text', 'message_id': 1098, 'from_user': <telebot.types.User object at 0x05B2AFB8>, 'date': 1605255801, 'chat': <telebot.types.Chat object at 0x05B2AFA0>, 'forward_from': None, 'forward_from_chat': None, 'forward_from_message_id': None, 'forward_signature': None, 'forward_date': None, 'reply_to_message': None, 'edit_date': None, 'media_group_id': None, 'author_signature': None, 'text': 'Разослать это сообщение волонтерам Больнички?', 'entities': None, 'caption_entities': None, 'audio': None, 'document': None, 'photo': None, 'sticker': None, 'video': None, 'video_note': None, 'voice': None, 'caption': None, 'contact': None, 'location': None, 'venue': None, 'animation': None, 'dice': None, 'new_chat_member': None, 'new_chat_members': None, 'left_chat_member': None, 'new_chat_title': None, 'new_chat_photo': None, 'delete_chat_photo': None, 'group_chat_created': None, 'supergroup_chat_created': None, 'channel_chat_created': None, 'migrate_to_chat_id': None, 'migrate_from_chat_id': None, 'pinned_message': None, 'invoice': None, 'successful_payment': None, 'connected_website': None, 'json': {'message_id': 1098, 'from': {'id': 1479116142, 'is_bot': True, 'first_name': 'Благотворительная Больничка', 'username': 'BolnichkaBot'}, 'chat': {'id': 591342003, 'first_name': 'Kathy', 'username': 'NoWord', 'type': 'private'}, 'date': 1605255801, 'text': 'Разослать это сообщение волонтерам Больнички?', 'reply_markup': {'inline_keyboard': [[{'text': 'Да', 'callback_data': 'yes'}, {'text': 'Нет', 'callback_data': 'no'}]]}}}, 'data': 'yes', 'inline_message_id': None}
11.13.2020 11:23:25 КОНЕЦ ВЫЗОВА
11.13.2020 11:23:25 ApiTelegramException occurred, args=('A request to the Telegram API was unsuccessful. Error code: 400 Description: Bad Request: message text is empty',)
Traceback (most recent call last):
  File "C:\Program Files (x86)\Python38-32\lib\site-packages\telebot\util.py", line 69, in run
    task(*args, **kwargs)
  File "C:\Users\EKAU.STARSPB\Desktop\BolnichkaBot\test.py", line 181, in callback_worker
    bot.send_message(message.from_user.id,mess3)
  File "C:\Program Files (x86)\Python38-32\lib\site-packages\telebot\__init__.py", line 640, in send_message
    apihelper.send_message(self.token, chat_id, text, disable_web_page_preview, reply_to_message_id,
  File "C:\Program Files (x86)\Python38-32\lib\site-packages\telebot\apihelper.py", line 201, in send_message
    return _make_request(token, method_url, params=payload, method='post')
  File "C:\Program Files (x86)\Python38-32\lib\site-packages\telebot\apihelper.py", line 108, in _make_request
    json_result = _check_result(method_name, result)
  File "C:\Program Files (x86)\Python38-32\lib\site-packages\telebot\apihelper.py", line 135, in _check_result
    raise ApiTelegramException(method_name, result, result_json)
telebot.apihelper.ApiTelegramException: A request to the Telegram API was unsuccessful. Error code: 400 Description: Bad Request: message text is empty

11.13.2020 11:23:25 A request to the Telegram API was unsuccessful. Error code: 400 Description: Bad Request: message text is empty
11.13.2020 11:25:12 goodbye ('127.0.0.1', 4323)
11.13.2020 11:25:12 listener closed
11.13.2020 11:25:12 server has terminated
11.13.2020 11:25:40 
_ _ _ _ _ _ _ _ _ _ _ _ _ Incoming message _ _ _ _ _ _ _ _ _ _ _ _ _ _ _ _ _ _ 
11.13.2020 11:25:40 Incoming message: Р from: ID 591342003 Kathy @NoWord
11.13.2020 11:25:40 1: mess: р mess2:  mess3: р
11.13.2020 11:25:42 3: mess: р mess2:  mess3: р
11.13.2020 11:25:42 СТАРТ ВЫЗОВА
11.13.2020 11:25:42 {'game_short_name': None, 'chat_instance': '5741340203501352714', 'id': '2539794564021821403', 'from_user': {'id': 591342003, 'is_bot': False, 'first_name': 'Kathy', 'username': 'NoWord', 'last_name': None, 'language_code': 'ru', 'can_join_groups': None, 'can_read_all_group_messages': None, 'supports_inline_queries': None}, 'message': {'content_type': 'text', 'message_id': 1100, 'from_user': <telebot.types.User object at 0x05B4AF88>, 'date': 1605255939, 'chat': <telebot.types.Chat object at 0x05B4AFA0>, 'forward_from': None, 'forward_from_chat': None, 'forward_from_message_id': None, 'forward_signature': None, 'forward_date': None, 'reply_to_message': None, 'edit_date': None, 'media_group_id': None, 'author_signature': None, 'text': 'Разослать это сообщение волонтерам Больнички?', 'entities': None, 'caption_entities': None, 'audio': None, 'document': None, 'photo': None, 'sticker': None, 'video': None, 'video_note': None, 'voice': None, 'caption': None, 'contact': None, 'location': None, 'venue': None, 'animation': None, 'dice': None, 'new_chat_member': None, 'new_chat_members': None, 'left_chat_member': None, 'new_chat_title': None, 'new_chat_photo': None, 'delete_chat_photo': None, 'group_chat_created': None, 'supergroup_chat_created': None, 'channel_chat_created': None, 'migrate_to_chat_id': None, 'migrate_from_chat_id': None, 'pinned_message': None, 'invoice': None, 'successful_payment': None, 'connected_website': None, 'json': {'message_id': 1100, 'from': {'id': 1479116142, 'is_bot': True, 'first_name': 'Благотворительная Больничка', 'username': 'BolnichkaBot'}, 'chat': {'id': 591342003, 'first_name': 'Kathy', 'username': 'NoWord', 'type': 'private'}, 'date': 1605255939, 'text': 'Разослать это сообщение волонтерам Больнички?', 'reply_markup': {'inline_keyboard': [[{'text': 'Да', 'callback_data': 'yes'}, {'text': 'Нет', 'callback_data': 'no'}]]}}}, 'data': 'yes', 'inline_message_id': None}
11.13.2020 11:25:42 КОНЕЦ ВЫЗОВА
11.13.2020 11:25:43 4: mess: р mess2:  mess3: р
11.13.2020 11:25:46 
_ _ _ _ _ _ _ _ _ _ _ _ _ Incoming message _ _ _ _ _ _ _ _ _ _ _ _ _ _ _ _ _ _ 
11.13.2020 11:25:46 Incoming message: Ц from: ID 591342003 Kathy @NoWord
11.13.2020 11:25:46 1: mess: ц mess2:  mess3: ц
11.13.2020 11:25:47 3: mess: ц mess2:  mess3: ц
11.13.2020 11:25:47 СТАРТ ВЫЗОВА
11.13.2020 11:25:47 {'game_short_name': None, 'chat_instance': '5741340203501352714', 'id': '2539794563895827626', 'from_user': {'id': 591342003, 'is_bot': False, 'first_name': 'Kathy', 'username': 'NoWord', 'last_name': None, 'language_code': 'ru', 'can_join_groups': None, 'can_read_all_group_messages': None, 'supports_inline_queries': None}, 'message': {'content_type': 'text', 'message_id': 1103, 'from_user': <telebot.types.User object at 0x05B4ABC8>, 'date': 1605255944, 'chat': <telebot.types.Chat object at 0x05B4AF40>, 'forward_from': None, 'forward_from_chat': None, 'forward_from_message_id': None, 'forward_signature': None, 'forward_date': None, 'reply_to_message': None, 'edit_date': None, 'media_group_id': None, 'author_signature': None, 'text': 'Разослать это сообщение волонтерам Больнички?', 'entities': None, 'caption_entities': None, 'audio': None, 'document': None, 'photo': None, 'sticker': None, 'video': None, 'video_note': None, 'voice': None, 'caption': None, 'contact': None, 'location': None, 'venue': None, 'animation': None, 'dice': None, 'new_chat_member': None, 'new_chat_members': None, 'left_chat_member': None, 'new_chat_title': None, 'new_chat_photo': None, 'delete_chat_photo': None, 'group_chat_created': None, 'supergroup_chat_created': None, 'channel_chat_created': None, 'migrate_to_chat_id': None, 'migrate_from_chat_id': None, 'pinned_message': None, 'invoice': None, 'successful_payment': None, 'connected_website': None, 'json': {'message_id': 1103, 'from': {'id': 1479116142, 'is_bot': True, 'first_name': 'Благотворительная Больничка', 'username': 'BolnichkaBot'}, 'chat': {'id': 591342003, 'first_name': 'Kathy', 'username': 'NoWord', 'type': 'private'}, 'date': 1605255944, 'text': 'Разослать это сообщение волонтерам Больнички?', 'reply_markup': {'inline_keyboard': [[{'text': 'Да', 'callback_data': 'yes'}, {'text': 'Нет', 'callback_data': 'no'}]]}}}, 'data': 'yes', 'inline_message_id': None}
11.13.2020 11:25:47 КОНЕЦ ВЫЗОВА
11.13.2020 11:25:47 4: mess: ц mess2:  mess3: ц
11.13.2020 11:25:52 
_ _ _ _ _ _ _ _ _ _ _ _ _ Incoming message _ _ _ _ _ _ _ _ _ _ _ _ _ _ _ _ _ _ 
11.13.2020 11:25:52 Incoming message: Т from: ID 591342003 Kathy @NoWord
11.13.2020 11:25:52 1: mess: т mess2:  mess3: т
11.13.2020 11:25:56 
_ _ _ _ _ _ _ _ _ _ _ _ _ Incoming message _ _ _ _ _ _ _ _ _ _ _ _ _ _ _ _ _ _ 
11.13.2020 11:25:56 Incoming message: Ваш from: ID 591342003 Kathy @NoWord
11.13.2020 11:25:56 1: mess: ваш mess2:  mess3: ваш
11.13.2020 11:25:57 3: mess: ваш mess2:  mess3: ваш
11.13.2020 11:25:57 СТАРТ ВЫЗОВА
11.13.2020 11:25:57 {'game_short_name': None, 'chat_instance': '5741340203501352714', 'id': '2539794566012236574', 'from_user': {'id': 591342003, 'is_bot': False, 'first_name': 'Kathy', 'username': 'NoWord', 'last_name': None, 'language_code': 'ru', 'can_join_groups': None, 'can_read_all_group_messages': None, 'supports_inline_queries': None}, 'message': {'content_type': 'text', 'message_id': 1108, 'from_user': <telebot.types.User object at 0x05B4A700>, 'date': 1605255954, 'chat': <telebot.types.Chat object at 0x05B4AFA0>, 'forward_from': None, 'forward_from_chat': None, 'forward_from_message_id': None, 'forward_signature': None, 'forward_date': None, 'reply_to_message': None, 'edit_date': None, 'media_group_id': None, 'author_signature': None, 'text': 'Разослать это сообщение волонтерам Больнички?', 'entities': None, 'caption_entities': None, 'audio': None, 'document': None, 'photo': None, 'sticker': None, 'video': None, 'video_note': None, 'voice': None, 'caption': None, 'contact': None, 'location': None, 'venue': None, 'animation': None, 'dice': None, 'new_chat_member': None, 'new_chat_members': None, 'left_chat_member': None, 'new_chat_title': None, 'new_chat_photo': None, 'delete_chat_photo': None, 'group_chat_created': None, 'supergroup_chat_created': None, 'channel_chat_created': None, 'migrate_to_chat_id': None, 'migrate_from_chat_id': None, 'pinned_message': None, 'invoice': None, 'successful_payment': None, 'connected_website': None, 'json': {'message_id': 1108, 'from': {'id': 1479116142, 'is_bot': True, 'first_name': 'Благотворительная Больничка', 'username': 'BolnichkaBot'}, 'chat': {'id': 591342003, 'first_name': 'Kathy', 'username': 'NoWord', 'type': 'private'}, 'date': 1605255954, 'text': 'Разослать это сообщение волонтерам Больнички?', 'reply_markup': {'inline_keyboard': [[{'text': 'Да', 'callback_data': 'yes'}, {'text': 'Нет', 'callback_data': 'no'}]]}}}, 'data': 'yes', 'inline_message_id': None}
11.13.2020 11:25:57 КОНЕЦ ВЫЗОВА
11.13.2020 11:25:57 4: mess: ваш mess2:  mess3: ваш
11.13.2020 11:51:26 goodbye ('127.0.0.1', 4335)
11.13.2020 11:51:26 listener closed
11.13.2020 11:51:26 server has terminated
11.13.2020 11:51:32 
_ _ _ _ _ _ _ _ _ _ _ _ _ INCOMING MESSAGE _ _ _ _ _ _ _ _ _ _ _ _ _ _ _ _ _ _ 
11.13.2020 11:51:32 Incoming message: Ота from: ID 591342003 Kathy @NoWord
11.13.2020 11:51:34 NameError occurred, args=("name 'mess3' is not defined",)
Traceback (most recent call last):
  File "C:\Program Files (x86)\Python38-32\lib\site-packages\telebot\util.py", line 69, in run
    task(*args, **kwargs)
  File "C:\Users\EKAU.STARSPB\Desktop\BolnichkaBot\test.py", line 148, in callback_worker
    print(mess3)
NameError: name 'mess3' is not defined

11.13.2020 11:51:46 goodbye ('127.0.0.1', 4628)
11.13.2020 11:51:46 listener closed
11.13.2020 11:51:46 server has terminated
11.13.2020 11:51:50 
_ _ _ _ _ _ _ _ _ _ _ _ _ INCOMING MESSAGE _ _ _ _ _ _ _ _ _ _ _ _ _ _ _ _ _ _ 
11.13.2020 11:51:50 Incoming message: Ва from: ID 591342003 Kathy @NoWord
11.13.2020 11:51:55 
_ _ _ _ _ _ _ _ _ _ _ _ _ INCOMING MESSAGE _ _ _ _ _ _ _ _ _ _ _ _ _ _ _ _ _ _ 
11.13.2020 11:51:55 Incoming message: Кк from: ID 591342003 Kathy @NoWord
11.13.2020 11:52:49 goodbye ('127.0.0.1', 4633)
11.13.2020 11:52:49 listener closed
11.13.2020 11:52:49 server has terminated
11.13.2020 11:52:52 
_ _ _ _ _ _ _ _ _ _ _ _ _ INCOMING MESSAGE _ _ _ _ _ _ _ _ _ _ _ _ _ _ _ _ _ _ 
11.13.2020 11:52:52 Incoming message: Ап from: ID 591342003 Kathy @NoWord
11.13.2020 11:52:56 
_ _ _ _ _ _ _ _ _ _ _ _ _ INCOMING MESSAGE _ _ _ _ _ _ _ _ _ _ _ _ _ _ _ _ _ _ 
11.13.2020 11:52:56 Incoming message: Кен from: ID 591342003 Kathy @NoWord
11.13.2020 12:04:11 goodbye ('127.0.0.1', 4650)
11.13.2020 12:04:11 listener closed
11.13.2020 12:04:11 server has terminated
11.13.2020 12:04:17 
_ _ _ _ _ _ _ _ _ _ _ _ _ INCOMING MESSAGE _ _ _ _ _ _ _ _ _ _ _ _ _ _ _ _ _ _ 
11.13.2020 12:04:17 Incoming message: Чч from: ID 591342003 Kathy @NoWord
11.13.2020 12:04:21 
_ _ _ _ _ _ _ _ _ _ _ _ _ INCOMING MESSAGE _ _ _ _ _ _ _ _ _ _ _ _ _ _ _ _ _ _ 
11.13.2020 12:04:21 Incoming message: Пп from: ID 591342003 Kathy @NoWord
11.13.2020 12:04:52 goodbye ('127.0.0.1', 4700)
11.13.2020 12:04:52 listener closed
11.13.2020 12:04:52 server has terminated
11.13.2020 12:04:56 
_ _ _ _ _ _ _ _ _ _ _ _ _ INCOMING MESSAGE _ _ _ _ _ _ _ _ _ _ _ _ _ _ _ _ _ _ 
11.13.2020 12:04:56 Incoming message: Пп from: ID 591342003 Kathy @NoWord
11.13.2020 12:05:00 
_ _ _ _ _ _ _ _ _ _ _ _ _ INCOMING MESSAGE _ _ _ _ _ _ _ _ _ _ _ _ _ _ _ _ _ _ 
11.13.2020 12:05:00 Incoming message: Ее from: ID 591342003 Kathy @NoWord
11.13.2020 12:07:59 goodbye ('127.0.0.1', 4705)
11.13.2020 12:07:59 listener closed
11.13.2020 12:07:59 server has terminated
11.13.2020 12:56:17 
_ _ _ _ _ _ _ _ _ _ _ _ _ INCOMING MESSAGE _ _ _ _ _ _ _ _ _ _ _ _ _ _ _ _ _ _ 
11.13.2020 12:56:17 Incoming message: Апр from: ID 591342003 Kathy @NoWord
11.13.2020 13:01:12 goodbye ('127.0.0.1', 5061)
11.13.2020 13:01:12 listener closed
11.13.2020 13:01:12 server has terminated
11.13.2020 13:01:16 
_ _ _ _ _ _ _ _ _ _ _ _ _ INCOMING MESSAGE _ _ _ _ _ _ _ _ _ _ _ _ _ _ _ _ _ _ 
11.13.2020 13:01:16 Incoming message: Кен from: ID 591342003 Kathy @NoWord
11.13.2020 13:02:36 goodbye ('127.0.0.1', 5083)
11.13.2020 13:02:36 listener closed
11.13.2020 13:02:36 server has terminated
11.13.2020 13:02:40 
_ _ _ _ _ _ _ _ _ _ _ _ _ INCOMING MESSAGE _ _ _ _ _ _ _ _ _ _ _ _ _ _ _ _ _ _ 
11.13.2020 13:02:40 Incoming message: Пер from: ID 591342003 Kathy @NoWord
11.13.2020 13:04:43 goodbye ('127.0.0.1', 5091)
11.13.2020 13:04:43 listener closed
11.13.2020 13:04:43 server has terminated
11.13.2020 13:05:04 
_ _ _ _ _ _ _ _ _ _ _ _ _ INCOMING MESSAGE _ _ _ _ _ _ _ _ _ _ _ _ _ _ _ _ _ _ 
11.13.2020 13:05:04 Incoming message: Ппрр from: ID 1418210990 Kate @None
11.13.2020 13:05:29 goodbye ('127.0.0.1', 5102)
11.13.2020 13:05:29 listener closed
11.13.2020 13:05:29 server has terminated
11.13.2020 13:05:34 
_ _ _ _ _ _ _ _ _ _ _ _ _ INCOMING MESSAGE _ _ _ _ _ _ _ _ _ _ _ _ _ _ _ _ _ _ 
11.13.2020 13:05:34 Incoming message: Как from: ID 1418210990 Kate @None
11.13.2020 13:05:44 
_ _ _ _ _ _ _ _ _ _ _ _ _ INCOMING MESSAGE _ _ _ _ _ _ _ _ _ _ _ _ _ _ _ _ _ _ 
11.13.2020 13:05:44 Incoming message: Как from: ID 1418210990 Kate @None
11.13.2020 13:05:49 
_ _ _ _ _ _ _ _ _ _ _ _ _ INCOMING MESSAGE _ _ _ _ _ _ _ _ _ _ _ _ _ _ _ _ _ _ 
11.13.2020 13:05:49 Incoming message: Род from: ID 1418210990 Kate @None
11.13.2020 13:06:10 
_ _ _ _ _ _ _ _ _ _ _ _ _ INCOMING MESSAGE _ _ _ _ _ _ _ _ _ _ _ _ _ _ _ _ _ _ 
11.13.2020 13:06:10 Incoming message: Вап from: ID 591342003 Kathy @NoWord
11.13.2020 13:06:40 goodbye ('127.0.0.1', 5107)
11.13.2020 13:06:40 listener closed
11.13.2020 13:06:40 server has terminated
11.13.2020 13:06:43 
_ _ _ _ _ _ _ _ _ _ _ _ _ INCOMING MESSAGE _ _ _ _ _ _ _ _ _ _ _ _ _ _ _ _ _ _ 
11.13.2020 13:06:43 Incoming message: Как from: ID 591342003 Kathy @NoWord
11.13.2020 13:06:51 
_ _ _ _ _ _ _ _ _ _ _ _ _ INCOMING MESSAGE _ _ _ _ _ _ _ _ _ _ _ _ _ _ _ _ _ _ 
11.13.2020 13:06:51 Incoming message: Кен from: ID 591342003 Kathy @NoWord
11.13.2020 13:08:58 goodbye ('127.0.0.1', 5115)
11.13.2020 13:08:58 listener closed
11.13.2020 13:08:58 server has terminated
11.13.2020 13:10:08 
_ _ _ _ _ _ _ _ _ _ _ _ _ INCOMING MESSAGE _ _ _ _ _ _ _ _ _ _ _ _ _ _ _ _ _ _ 
11.13.2020 13:10:08 Incoming message: Пппппм from: ID 591342003 Kathy @NoWord
11.13.2020 13:11:25 goodbye ('127.0.0.1', 5138)
11.13.2020 13:11:25 listener closed
11.13.2020 13:11:25 server has terminated
11.13.2020 13:11:26 
_ _ _ _ _ _ _ _ _ _ _ _ _ INCOMING MESSAGE _ _ _ _ _ _ _ _ _ _ _ _ _ _ _ _ _ _ 
11.13.2020 13:11:26 Incoming message: Про from: ID 591342003 Kathy @NoWord
11.13.2020 13:11:28 
_ _ _ _ _ _ _ _ _ _ _ _ _ INCOMING MESSAGE _ _ _ _ _ _ _ _ _ _ _ _ _ _ _ _ _ _ 
11.13.2020 13:11:28 Incoming message: Врл from: ID 591342003 Kathy @NoWord
11.13.2020 13:11:46 goodbye ('127.0.0.1', 5157)
11.13.2020 13:11:46 listener closed
11.13.2020 13:11:46 server has terminated
11.13.2020 13:11:57 goodbye ('127.0.0.1', 5166)
11.13.2020 13:11:57 listener closed
11.13.2020 13:11:57 server has terminated
11.13.2020 13:12:01 
_ _ _ _ _ _ _ _ _ _ _ _ _ INCOMING MESSAGE _ _ _ _ _ _ _ _ _ _ _ _ _ _ _ _ _ _ 
11.13.2020 13:12:01 Incoming message: Впрл from: ID 591342003 Kathy @NoWord
11.13.2020 13:12:43 goodbye ('127.0.0.1', 5169)
11.13.2020 13:12:43 listener closed
11.13.2020 13:12:43 server has terminated
11.13.2020 13:12:47 
_ _ _ _ _ _ _ _ _ _ _ _ _ INCOMING MESSAGE _ _ _ _ _ _ _ _ _ _ _ _ _ _ _ _ _ _ 
11.13.2020 13:12:47 Incoming message: Аз from: ID 591342003 Kathy @NoWord
11.13.2020 13:13:04 goodbye ('127.0.0.1', 5177)
11.13.2020 13:13:04 listener closed
11.13.2020 13:13:04 server has terminated
11.13.2020 13:13:42 goodbye ('127.0.0.1', 5189)
11.13.2020 13:13:42 listener closed
11.13.2020 13:13:42 server has terminated
11.13.2020 13:13:47 
_ _ _ _ _ _ _ _ _ _ _ _ _ INCOMING MESSAGE _ _ _ _ _ _ _ _ _ _ _ _ _ _ _ _ _ _ 
11.13.2020 13:13:47 Incoming message: Аз from: ID 591342003 Kathy @NoWord
11.13.2020 13:14:16 User tries to withdraw his name from the DB: /deleteID 1418210990 @None Kate
11.13.2020 13:14:17 Data deleted: User 1418210990 @None Kate
11.13.2020 13:14:25 goodbye ('127.0.0.1', 5192)
11.13.2020 13:14:25 listener closed
11.13.2020 13:14:25 server has terminated
11.13.2020 13:14:38 
_ _ _ _ _ _ _ _ _ _ _ _ _ INCOMING MESSAGE _ _ _ _ _ _ _ _ _ _ _ _ _ _ _ _ _ _ 
11.13.2020 13:14:38 Incoming message: Rery from: ID 591342003 Kathy @NoWord
11.13.2020 13:14:58 goodbye ('127.0.0.1', 5205)
11.13.2020 13:14:58 listener closed
11.13.2020 13:14:58 server has terminated
11.13.2020 13:15:05 User tries to withdraw his name from the DB: /deleteID 591342003 @NoWord Kathy
11.13.2020 13:15:06 Data deleted: User 591342003 @NoWord Kathy
11.13.2020 13:15:13 goodbye ('127.0.0.1', 5212)
11.13.2020 13:15:13 listener closed
11.13.2020 13:15:13 server has terminated
11.13.2020 13:15:16 
_ _ _ _ _ _ _ _ _ _ _ _ _ INCOMING MESSAGE _ _ _ _ _ _ _ _ _ _ _ _ _ _ _ _ _ _ 
11.13.2020 13:15:16 Incoming message: Sdd from: ID 591342003 Kathy @NoWord
11.13.2020 13:17:22 goodbye ('127.0.0.1', 5220)
11.13.2020 13:17:22 listener closed
11.13.2020 13:17:22 server has terminated
11.13.2020 13:17:31 
_ _ _ _ _ _ _ _ _ _ _ _ _ INCOMING MESSAGE _ _ _ _ _ _ _ _ _ _ _ _ _ _ _ _ _ _ 
11.13.2020 13:17:31 Incoming message: Как from: ID 591342003 Kathy @NoWord
11.13.2020 13:18:01 goodbye ('127.0.0.1', 5231)
11.13.2020 13:18:01 listener closed
11.13.2020 13:18:01 server has terminated
11.13.2020 13:18:06 
_ _ _ _ _ _ _ _ _ _ _ _ _ INCOMING MESSAGE _ _ _ _ _ _ _ _ _ _ _ _ _ _ _ _ _ _ 
11.13.2020 13:18:06 Incoming message: Какен from: ID 591342003 Kathy @NoWord
11.13.2020 13:18:19 
_ _ _ _ _ _ _ _ _ _ _ _ _ INCOMING MESSAGE _ _ _ _ _ _ _ _ _ _ _ _ _ _ _ _ _ _ 
11.13.2020 13:18:19 Incoming message: Выпускайте какена from: ID 591342003 Kathy @NoWord
11.13.2020 13:18:32 User tries to add his name into the DB: /addID 591342003 @NoWord Kathy
11.13.2020 13:18:33 Data inserted: User 591342003 @NoWord Kathy
11.13.2020 13:18:43 
_ _ _ _ _ _ _ _ _ _ _ _ _ INCOMING MESSAGE _ _ _ _ _ _ _ _ _ _ _ _ _ _ _ _ _ _ 
11.13.2020 13:18:43 Incoming message: Выпускайте Какена from: ID 591342003 Kathy @NoWord
11.13.2020 13:18:56 User tries to add his name into the DB: /addID 1418210990 @None Kate
11.13.2020 13:18:57 Data inserted: User 1418210990 @None Kate
11.13.2020 13:19:10 
_ _ _ _ _ _ _ _ _ _ _ _ _ INCOMING MESSAGE _ _ _ _ _ _ _ _ _ _ _ _ _ _ _ _ _ _ 
11.13.2020 13:19:10 Incoming message: Ffffuuuu from: ID 591342003 Kathy @NoWord
11.13.2020 13:19:35 goodbye ('127.0.0.1', 5243)
11.13.2020 13:19:35 listener closed
11.13.2020 13:19:35 server has terminated
11.13.2020 13:20:32 
_ _ _ _ _ _ _ _ _ _ _ _ _ INCOMING MESSAGE _ _ _ _ _ _ _ _ _ _ _ _ _ _ _ _ _ _ 
11.13.2020 13:20:32 Incoming message: Опачки что-нибудь from: ID 362294998 aksel @Akselept
11.13.2020 13:39:49 User tries to add his name into the DB: /addID 591342003 @NoWord Kathy
11.13.2020 13:39:50 Data insertion failed: User 591342003 @NoWord Kathy
11.13.2020 13:40:02 User tries to add his name into the DB: /addID 1418210990 @None Kate
11.13.2020 13:40:02 Data insertion failed: User 1418210990 @None Kate
11.13.2020 13:40:12 goodbye ('127.0.0.1', 5268)
11.13.2020 13:40:12 listener closed
11.13.2020 13:40:12 server has terminated
11.13.2020 13:45:55 goodbye ('127.0.0.1', 5646)
11.13.2020 13:45:55 listener closed
11.13.2020 13:45:55 server has terminated
11.13.2020 13:46:52 
_ _ _ _ _ _ _ _ _ _ _ _ _ INCOMING MESSAGE _ _ _ _ _ _ _ _ _ _ _ _ _ _ _ _ _ _ 
11.13.2020 13:46:52 Incoming message: Вваааааа from: ID 591342003 Kathy @NoWord
11.13.2020 13:47:15 
_ _ _ _ _ _ _ _ _ _ _ _ _ INCOMING MESSAGE _ _ _ _ _ _ _ _ _ _ _ _ _ _ _ _ _ _ 
11.13.2020 13:47:15 Incoming message: Проверка from: ID 1418210990 Kate @None
11.13.2020 13:52:03 goodbye ('127.0.0.1', 5662)
11.13.2020 13:52:03 listener closed
11.13.2020 13:52:03 server has terminated
11.13.2020 13:52:17 
_ _ _ _ _ _ _ _ _ _ _ _ _ INCOMING MESSAGE _ _ _ _ _ _ _ _ _ _ _ _ _ _ _ _ _ _ 
11.13.2020 13:52:17 Incoming message: Проверка 3 from: ID 591342003 Kathy @NoWord
11.13.2020 13:52:32 
_ _ _ _ _ _ _ _ _ _ _ _ _ INCOMING MESSAGE _ _ _ _ _ _ _ _ _ _ _ _ _ _ _ _ _ _ 
11.13.2020 13:52:32 Incoming message: Проверка 4 from: ID 1418210990 Kate @None
11.13.2020 13:53:48 
_ _ _ _ _ _ _ _ _ _ _ _ _ INCOMING MESSAGE _ _ _ _ _ _ _ _ _ _ _ _ _ _ _ _ _ _ 
11.13.2020 13:53:48 Incoming message: Проверка from: ID 591342003 Kathy @NoWord
11.13.2020 13:53:55 
_ _ _ _ _ _ _ _ _ _ _ _ _ INCOMING MESSAGE _ _ _ _ _ _ _ _ _ _ _ _ _ _ _ _ _ _ 
11.13.2020 13:53:55 Incoming message: Где? from: ID 362294998 aksel @Akselept
11.13.2020 13:53:56 
_ _ _ _ _ _ _ _ _ _ _ _ _ INCOMING MESSAGE _ _ _ _ _ _ _ _ _ _ _ _ _ _ _ _ _ _ 
11.13.2020 13:53:56 Incoming message: Проверка 5 from: ID 591342003 Kathy @NoWord
11.13.2020 13:54:11 
_ _ _ _ _ _ _ _ _ _ _ _ _ INCOMING MESSAGE _ _ _ _ _ _ _ _ _ _ _ _ _ _ _ _ _ _ 
11.13.2020 13:54:11 Incoming message: Кенро from: ID 591342003 Kathy @NoWord
11.13.2020 13:54:54 
_ _ _ _ _ _ _ _ _ _ _ _ _ INCOMING MESSAGE _ _ _ _ _ _ _ _ _ _ _ _ _ _ _ _ _ _ 
11.13.2020 13:54:54 Incoming message: Проверка 6 from: ID 1418210990 Kate @None
11.13.2020 13:55:07 
_ _ _ _ _ _ _ _ _ _ _ _ _ INCOMING MESSAGE _ _ _ _ _ _ _ _ _ _ _ _ _ _ _ _ _ _ 
11.13.2020 13:55:07 Incoming message: Проверка 7 from: ID 1418210990 Kate @None
11.13.2020 13:56:47 goodbye ('127.0.0.1', 5697)
11.13.2020 13:56:47 listener closed
11.13.2020 13:56:47 server has terminated
11.13.2020 13:56:54 
_ _ _ _ _ _ _ _ _ _ _ _ _ INCOMING MESSAGE _ _ _ _ _ _ _ _ _ _ _ _ _ _ _ _ _ _ 
11.13.2020 13:56:54 Incoming message: Кавказ from: ID 1418210990 Kate @None
11.13.2020 13:57:46 
_ _ _ _ _ _ _ _ _ _ _ _ _ INCOMING MESSAGE _ _ _ _ _ _ _ _ _ _ _ _ _ _ _ _ _ _ 
11.13.2020 13:57:46 Incoming message: Прививка from: ID 591342003 Kathy @NoWord
11.13.2020 13:57:54 
_ _ _ _ _ _ _ _ _ _ _ _ _ INCOMING MESSAGE _ _ _ _ _ _ _ _ _ _ _ _ _ _ _ _ _ _ 
11.13.2020 13:57:54 Incoming message: Ролли from: ID 591342003 Kathy @NoWord
11.13.2020 14:01:29 goodbye ('127.0.0.1', 5729)
11.13.2020 14:01:29 listener closed
11.13.2020 14:01:29 server has terminated
11.13.2020 14:01:38 
_ _ _ _ _ _ _ _ _ _ _ _ _ INCOMING MESSAGE _ _ _ _ _ _ _ _ _ _ _ _ _ _ _ _ _ _ 
11.13.2020 14:01:38 Incoming message: Какакака from: ID 591342003 Kathy @NoWord
11.13.2020 14:02:08 goodbye ('127.0.0.1', 5758)
11.13.2020 14:02:08 listener closed
11.13.2020 14:02:08 server has terminated
11.13.2020 14:02:21 
_ _ _ _ _ _ _ _ _ _ _ _ _ INCOMING MESSAGE _ _ _ _ _ _ _ _ _ _ _ _ _ _ _ _ _ _ 
11.13.2020 14:02:21 Incoming message: Ich will from: ID 591342003 Kathy @NoWord
11.13.2020 14:03:27 goodbye ('127.0.0.1', 5765)
11.13.2020 14:03:27 listener closed
11.13.2020 14:03:27 server has terminated
11.13.2020 14:03:33 
_ _ _ _ _ _ _ _ _ _ _ _ _ INCOMING MESSAGE _ _ _ _ _ _ _ _ _ _ _ _ _ _ _ _ _ _ 
11.13.2020 14:03:33 Incoming message: Du hast from: ID 591342003 Kathy @NoWord
11.13.2020 14:03:36 Разослано пользователям: 3
11.13.2020 14:05:11 
_ _ _ _ _ _ _ _ _ _ _ _ _ INCOMING MESSAGE _ _ _ _ _ _ _ _ _ _ _ _ _ _ _ _ _ _ 
11.13.2020 14:05:11 Incoming message: Qwerty from: ID 591342003 Kathy @NoWord
11.13.2020 14:05:13 Разослано пользователям: 3
11.13.2020 14:06:13 goodbye ('127.0.0.1', 5777)
11.13.2020 14:06:13 listener closed
11.13.2020 14:06:13 server has terminated
11.13.2020 14:06:17 
_ _ _ _ _ _ _ _ _ _ _ _ _ INCOMING MESSAGE _ _ _ _ _ _ _ _ _ _ _ _ _ _ _ _ _ _ 
11.13.2020 14:06:17 Incoming message: Du from: ID 591342003 Kathy @NoWord
11.13.2020 14:06:20 Разослано пользователям: 3
11.13.2020 14:06:26 
_ _ _ _ _ _ _ _ _ _ _ _ _ INCOMING MESSAGE _ _ _ _ _ _ _ _ _ _ _ _ _ _ _ _ _ _ 
11.13.2020 14:06:26 Incoming message: Du hast from: ID 591342003 Kathy @NoWord
11.13.2020 14:06:28 Разослано пользователям: 3
11.13.2020 14:06:43 
_ _ _ _ _ _ _ _ _ _ _ _ _ INCOMING MESSAGE _ _ _ _ _ _ _ _ _ _ _ _ _ _ _ _ _ _ 
11.13.2020 14:06:43 Incoming message: Du from: ID 1418210990 Kate @None
11.13.2020 14:06:46 Разослано пользователям: 3
11.13.2020 14:06:50 
_ _ _ _ _ _ _ _ _ _ _ _ _ INCOMING MESSAGE _ _ _ _ _ _ _ _ _ _ _ _ _ _ _ _ _ _ 
11.13.2020 14:06:50 Incoming message: Du hast from: ID 1418210990 Kate @None
11.13.2020 14:06:53 Разослано пользователям: 3
11.13.2020 14:19:00 goodbye ('127.0.0.1', 5797)
11.13.2020 14:19:00 listener closed
11.13.2020 14:19:00 server has terminated
11.13.2020 14:49:05 
 Incoming message: /start from: ID 1329124123 Kseniia @is_ksenia
11.13.2020 14:49:13 
_ _ _ _ _ _ _ _ _ _ _ _ _ INCOMING MESSAGE _ _ _ _ _ _ _ _ _ _ _ _ _ _ _ _ _ _ 
11.13.2020 14:49:13 Incoming message: Любое слово from: ID 1329124123 Kseniia @is_ksenia
11.13.2020 14:49:22 Разослано пользователям: 3
11.13.2020 15:02:53 goodbye ('127.0.0.1', 5915)
11.13.2020 15:02:53 listener closed
11.13.2020 15:02:53 server has terminated
11.13.2020 15:12:32 goodbye ('127.0.0.1', 6065)
11.13.2020 15:12:32 listener closed
11.13.2020 15:12:32 server has terminated
11.13.2020 15:19:26 goodbye ('127.0.0.1', 6235)
11.13.2020 15:19:26 listener closed
11.13.2020 15:19:26 server has terminated
11.13.2020 15:19:55 goodbye ('127.0.0.1', 6241)
11.13.2020 15:19:55 listener closed
11.13.2020 15:19:55 server has terminated
11.13.2020 15:20:36 goodbye ('127.0.0.1', 6245)
11.13.2020 15:20:36 listener closed
11.13.2020 15:20:36 server has terminated
11.13.2020 15:21:07 goodbye ('127.0.0.1', 6251)
11.13.2020 15:21:07 listener closed
11.13.2020 15:21:07 server has terminated
11.13.2020 15:21:36 goodbye ('127.0.0.1', 6257)
11.13.2020 15:21:36 listener closed
11.13.2020 15:21:36 server has terminated
11.13.2020 15:32:24 goodbye ('127.0.0.1', 6280)
11.13.2020 15:32:24 listener closed
11.13.2020 15:32:24 server has terminated
11.13.2020 15:32:25 
_ _ _ _ _ _ _ _ _ _ _ _ _ INCOMING MESSAGE _ _ _ _ _ _ _ _ _ _ _ _ _ _ _ _ _ _ 
11.13.2020 15:32:25 
 Incoming message: /start from: ID 591342003 Kathy @NoWord
11.13.2020 15:32:25 Incoming message: /statr from: ID 591342003 Kathy @NoWord
11.13.2020 15:32:31 
 Incoming message: /start from: ID 591342003 Kathy @NoWord
11.13.2020 15:32:41 
 Incoming message: /start from: ID 591342003 Kathy @NoWord
11.13.2020 15:33:30 goodbye ('127.0.0.1', 6322)
11.13.2020 15:33:30 listener closed
11.13.2020 15:33:30 server has terminated
11.13.2020 15:33:47 
 Incoming message: /start from: ID 591342003 Kathy @NoWord
11.13.2020 15:35:30 goodbye ('127.0.0.1', 6330)
11.13.2020 15:35:30 listener closed
11.13.2020 15:35:30 server has terminated
11.13.2020 15:35:34 
 Incoming message: /start from: ID 591342003 Kathy @NoWord
11.13.2020 15:37:45 goodbye ('127.0.0.1', 6338)
11.13.2020 15:37:45 listener closed
11.13.2020 15:37:45 server has terminated
11.13.2020 15:37:50 
 Incoming message: /start from: ID 591342003 Kathy @NoWord
11.13.2020 15:38:20 goodbye ('127.0.0.1', 6352)
11.13.2020 15:38:20 listener closed
11.13.2020 15:38:20 server has terminated
11.13.2020 15:38:22 
 Incoming message: /start from: ID 591342003 Kathy @NoWord
11.13.2020 15:39:02 goodbye ('127.0.0.1', 6356)
11.13.2020 15:39:02 listener closed
11.13.2020 15:39:02 server has terminated
11.13.2020 15:39:05 
 Incoming message: /start from: ID 591342003 Kathy @NoWord
11.13.2020 15:40:36 goodbye ('127.0.0.1', 6361)
11.13.2020 15:40:36 listener closed
11.13.2020 15:40:36 server has terminated
11.13.2020 15:45:42 goodbye ('127.0.0.1', 6388)
11.13.2020 15:45:42 listener closed
11.13.2020 15:45:42 server has terminated
11.13.2020 15:54:52 
 Incoming message: /start from: ID 591342003 Kathy @NoWord
11.13.2020 15:57:57 goodbye ('127.0.0.1', 6722)
11.13.2020 15:57:57 listener closed
11.13.2020 15:57:57 server has terminated
11.13.2020 16:00:33 goodbye ('127.0.0.1', 6789)
11.13.2020 16:00:33 listener closed
11.13.2020 16:00:33 server has terminated
11.13.2020 16:00:53 
_ _ _ _ _ _ _ _ _ _ _ _ _ INCOMING MESSAGE _ _ _ _ _ _ _ _ _ _ _ _ _ _ _ _ _ _ 
11.13.2020 16:00:53 Incoming message: Ffh from: ID 591342003 Kathy @NoWord
11.13.2020 16:00:56 Разослано пользователям: 3
11.13.2020 16:01:13 goodbye ('127.0.0.1', 6809)
11.13.2020 16:01:13 listener closed
11.13.2020 16:01:13 server has terminated
11.13.2020 16:01:16 
_ _ _ _ _ _ _ _ _ _ _ _ _ INCOMING MESSAGE _ _ _ _ _ _ _ _ _ _ _ _ _ _ _ _ _ _ 
11.13.2020 16:01:16 Incoming message: So from: ID 591342003 Kathy @NoWord
11.13.2020 16:01:19 Разослано пользователям: 3
11.13.2020 16:01:31 Разослано пользователям: 3
11.13.2020 17:02:15 
 Incoming message: /start from: ID 591342003 Kathy @NoWord
11.13.2020 17:04:46 
_ _ _ _ _ _ _ _ _ _ _ _ _ INCOMING MESSAGE _ _ _ _ _ _ _ _ _ _ _ _ _ _ _ _ _ _ 
11.13.2020 17:04:46 Incoming message: Ай яй яй я дома!!!!!!! from: ID 362294998 aksel @Akselept
11.13.2020 17:04:51 Разослано пользователям: 3
11.13.2020 17:14:40 
_ _ _ _ _ _ _ _ _ _ _ _ _ INCOMING MESSAGE _ _ _ _ _ _ _ _ _ _ _ _ _ _ _ _ _ _ 
11.13.2020 17:14:44 Разослано пользователям: 3
11.13.2020 17:14:58 
_ _ _ _ _ _ _ _ _ _ _ _ _ INCOMING MESSAGE _ _ _ _ _ _ _ _ _ _ _ _ _ _ _ _ _ _ 
11.13.2020 17:14:58 Incoming message: ) from: ID 362294998 aksel @Akselept
11.13.2020 17:15:00 Разослано пользователям: 3
11.13.2020 18:07:14 
 Incoming message: /start from: ID 591342003 Kathy @NoWord
11.13.2020 18:25:30 
_ _ _ _ _ _ _ _ _ _ _ _ _ INCOMING MESSAGE _ _ _ _ _ _ _ _ _ _ _ _ _ _ _ _ _ _ 
11.13.2020 18:25:30 Incoming message: Проверка from: ID 591342003 Kathy @NoWord
11.13.2020 18:25:34 Разослано пользователям: 3
11.13.2020 18:25:55 
 Incoming message: /start from: ID 1036923569 Vika @None
11.13.2020 18:33:12 
 Incoming message: /start from: ID 261599388 Саша @Venenate
11.13.2020 18:33:14 User tries to add his name into the DB: /addID 261599388 @Venenate Саша
11.13.2020 18:33:15 Data inserted: User 261599388 @Venenate Саша
11.13.2020 18:37:28 
_ _ _ _ _ _ _ _ _ _ _ _ _ INCOMING MESSAGE _ _ _ _ _ _ _ _ _ _ _ _ _ _ _ _ _ _ 
11.13.2020 18:37:31 Разослано пользователям: 4
11.13.2020 18:37:42 
_ _ _ _ _ _ _ _ _ _ _ _ _ INCOMING MESSAGE _ _ _ _ _ _ _ _ _ _ _ _ _ _ _ _ _ _ 
11.13.2020 18:37:42 Incoming message: Проверка связи from: ID 591342003 Kathy @NoWord
11.13.2020 18:37:44 Разослано пользователям: 4
11.13.2020 19:37:54 
 Incoming message: /start from: ID 495620124 Helen @Vaksena
11.13.2020 19:38:14 User tries to add his name into the DB: /addID 495620124 @Vaksena Helen
11.13.2020 19:38:15 Data inserted: User 495620124 @Vaksena Helen
11.13.2020 19:41:41 
 Incoming message: /start from: ID 459708252 Sofia @None
11.13.2020 19:42:02 
_ _ _ _ _ _ _ _ _ _ _ _ _ INCOMING MESSAGE _ _ _ _ _ _ _ _ _ _ _ _ _ _ _ _ _ _ 
11.13.2020 19:42:02 Incoming message: add from: ID 459708252 Sofia @None
11.13.2020 21:08:15 
 Incoming message: /start from: ID 1393084583 Knapsberg @None
11.13.2020 21:08:37 
_ _ _ _ _ _ _ _ _ _ _ _ _ INCOMING MESSAGE _ _ _ _ _ _ _ _ _ _ _ _ _ _ _ _ _ _ 
11.13.2020 21:08:37 Incoming message: add from: ID 1393084583 Knapsberg @None
11.13.2020 21:08:50 User tries to add his name into the DB: /addID 1393084583 @None Knapsberg
11.13.2020 21:08:51 Data inserted: User 1393084583 @None Knapsberg
11.13.2020 21:08:58 
_ _ _ _ _ _ _ _ _ _ _ _ _ INCOMING MESSAGE _ _ _ _ _ _ _ _ _ _ _ _ _ _ _ _ _ _ 
11.13.2020 23:05:47 
 Incoming message: /start from: ID 442741981 Daria @None
11.13.2020 23:06:08 User tries to add his name into the DB: /addID 442741981 @None Daria
11.13.2020 23:06:09 Data inserted: User 442741981 @None Daria
11.14.2020 01:36:04 
 Incoming message: /start from: ID 521817261 Анастасия @yellsub
11.14.2020 01:36:16 User tries to add his name into the DB: /addID 521817261 @yellsub Анастасия
11.14.2020 01:36:17 Data inserted: User 521817261 @yellsub Анастасия
11.14.2020 05:00:31 ReadTimeout occurred, args=(ReadTimeoutError("HTTPSConnectionPool(host='api.telegram.org', port=443): Read timed out. (read timeout=30)"),)
Traceback (most recent call last):
  File "C:\Program Files (x86)\Python38-32\lib\site-packages\urllib3\connectionpool.py", line 426, in _make_request
    six.raise_from(e, None)
  File "<string>", line 3, in raise_from
  File "C:\Program Files (x86)\Python38-32\lib\site-packages\urllib3\connectionpool.py", line 421, in _make_request
    httplib_response = conn.getresponse()
  File "C:\Program Files (x86)\Python38-32\lib\http\client.py", line 1347, in getresponse
    response.begin()
  File "C:\Program Files (x86)\Python38-32\lib\http\client.py", line 307, in begin
    version, status, reason = self._read_status()
  File "C:\Program Files (x86)\Python38-32\lib\http\client.py", line 268, in _read_status
    line = str(self.fp.readline(_MAXLINE + 1), "iso-8859-1")
  File "C:\Program Files (x86)\Python38-32\lib\socket.py", line 669, in readinto
    return self._sock.recv_into(b)
  File "C:\Program Files (x86)\Python38-32\lib\ssl.py", line 1241, in recv_into
    return self.read(nbytes, buffer)
  File "C:\Program Files (x86)\Python38-32\lib\ssl.py", line 1099, in read
    return self._sslobj.read(len, buffer)
socket.timeout: The read operation timed out

During handling of the above exception, another exception occurred:

Traceback (most recent call last):
  File "C:\Program Files (x86)\Python38-32\lib\site-packages\requests\adapters.py", line 439, in send
    resp = conn.urlopen(
  File "C:\Program Files (x86)\Python38-32\lib\site-packages\urllib3\connectionpool.py", line 726, in urlopen
    retries = retries.increment(
  File "C:\Program Files (x86)\Python38-32\lib\site-packages\urllib3\util\retry.py", line 403, in increment
    raise six.reraise(type(error), error, _stacktrace)
  File "C:\Program Files (x86)\Python38-32\lib\site-packages\urllib3\packages\six.py", line 735, in reraise
    raise value
  File "C:\Program Files (x86)\Python38-32\lib\site-packages\urllib3\connectionpool.py", line 670, in urlopen
    httplib_response = self._make_request(
  File "C:\Program Files (x86)\Python38-32\lib\site-packages\urllib3\connectionpool.py", line 428, in _make_request
    self._raise_timeout(err=e, url=url, timeout_value=read_timeout)
  File "C:\Program Files (x86)\Python38-32\lib\site-packages\urllib3\connectionpool.py", line 335, in _raise_timeout
    raise ReadTimeoutError(
urllib3.exceptions.ReadTimeoutError: HTTPSConnectionPool(host='api.telegram.org', port=443): Read timed out. (read timeout=30)

During handling of the above exception, another exception occurred:

Traceback (most recent call last):
  File "C:\Program Files (x86)\Python38-32\lib\site-packages\telebot\util.py", line 69, in run
    task(*args, **kwargs)
  File "C:\Program Files (x86)\Python38-32\lib\site-packages\telebot\__init__.py", line 285, in __retrieve_updates
    updates = self.get_updates(offset=(self.last_update_id + 1), timeout=timeout)
  File "C:\Program Files (x86)\Python38-32\lib\site-packages\telebot\__init__.py", line 255, in get_updates
    json_updates = apihelper.get_updates(self.token, offset, limit, timeout, allowed_updates)
  File "C:\Program Files (x86)\Python38-32\lib\site-packages\telebot\apihelper.py", line 241, in get_updates
    return _make_request(token, method_url, params=payload)
  File "C:\Program Files (x86)\Python38-32\lib\site-packages\telebot\apihelper.py", line 102, in _make_request
    result = _get_req_session().request(
  File "C:\Program Files (x86)\Python38-32\lib\site-packages\requests\sessions.py", line 530, in request
    resp = self.send(prep, **send_kwargs)
  File "C:\Program Files (x86)\Python38-32\lib\site-packages\requests\sessions.py", line 643, in send
    r = adapter.send(request, **kwargs)
  File "C:\Program Files (x86)\Python38-32\lib\site-packages\requests\adapters.py", line 529, in send
    raise ReadTimeout(e, request=request)
requests.exceptions.ReadTimeout: HTTPSConnectionPool(host='api.telegram.org', port=443): Read timed out. (read timeout=30)

11.14.2020 08:16:19 
 Incoming message: /start from: ID 591342003 Kathy @NoWord
11.14.2020 18:10:40 
 Incoming message: /start from: ID 113995640 Sergey @MDIevkov
11.14.2020 18:10:53 User tries to add his name into the DB: /addID 113995640 @MDIevkov Sergey
11.14.2020 18:10:54 Data inserted: User 113995640 @MDIevkov Sergey
11.14.2020 18:11:19 
_ _ _ _ _ _ _ _ _ _ _ _ _ INCOMING MESSAGE _ _ _ _ _ _ _ _ _ _ _ _ _ _ _ _ _ _ 
11.14.2020 18:11:19 Incoming message: Это тестовое сообщение от Дока. from: ID 113995640 Sergey @MDIevkov
11.14.2020 18:39:47 
 Incoming message: /start from: ID 373151935 Ah @love_my_memes
11.15.2020 05:00:29 ReadTimeout occurred, args=(ReadTimeoutError("HTTPSConnectionPool(host='api.telegram.org', port=443): Read timed out. (read timeout=30)"),)
Traceback (most recent call last):
  File "C:\Program Files (x86)\Python38-32\lib\site-packages\urllib3\connectionpool.py", line 426, in _make_request
    six.raise_from(e, None)
  File "<string>", line 3, in raise_from
  File "C:\Program Files (x86)\Python38-32\lib\site-packages\urllib3\connectionpool.py", line 421, in _make_request
    httplib_response = conn.getresponse()
  File "C:\Program Files (x86)\Python38-32\lib\http\client.py", line 1347, in getresponse
    response.begin()
  File "C:\Program Files (x86)\Python38-32\lib\http\client.py", line 307, in begin
    version, status, reason = self._read_status()
  File "C:\Program Files (x86)\Python38-32\lib\http\client.py", line 268, in _read_status
    line = str(self.fp.readline(_MAXLINE + 1), "iso-8859-1")
  File "C:\Program Files (x86)\Python38-32\lib\socket.py", line 669, in readinto
    return self._sock.recv_into(b)
  File "C:\Program Files (x86)\Python38-32\lib\ssl.py", line 1241, in recv_into
    return self.read(nbytes, buffer)
  File "C:\Program Files (x86)\Python38-32\lib\ssl.py", line 1099, in read
    return self._sslobj.read(len, buffer)
socket.timeout: The read operation timed out

During handling of the above exception, another exception occurred:

Traceback (most recent call last):
  File "C:\Program Files (x86)\Python38-32\lib\site-packages\requests\adapters.py", line 439, in send
    resp = conn.urlopen(
  File "C:\Program Files (x86)\Python38-32\lib\site-packages\urllib3\connectionpool.py", line 726, in urlopen
    retries = retries.increment(
  File "C:\Program Files (x86)\Python38-32\lib\site-packages\urllib3\util\retry.py", line 403, in increment
    raise six.reraise(type(error), error, _stacktrace)
  File "C:\Program Files (x86)\Python38-32\lib\site-packages\urllib3\packages\six.py", line 735, in reraise
    raise value
  File "C:\Program Files (x86)\Python38-32\lib\site-packages\urllib3\connectionpool.py", line 670, in urlopen
    httplib_response = self._make_request(
  File "C:\Program Files (x86)\Python38-32\lib\site-packages\urllib3\connectionpool.py", line 428, in _make_request
    self._raise_timeout(err=e, url=url, timeout_value=read_timeout)
  File "C:\Program Files (x86)\Python38-32\lib\site-packages\urllib3\connectionpool.py", line 335, in _raise_timeout
    raise ReadTimeoutError(
urllib3.exceptions.ReadTimeoutError: HTTPSConnectionPool(host='api.telegram.org', port=443): Read timed out. (read timeout=30)

During handling of the above exception, another exception occurred:

Traceback (most recent call last):
  File "C:\Program Files (x86)\Python38-32\lib\site-packages\telebot\util.py", line 69, in run
    task(*args, **kwargs)
  File "C:\Program Files (x86)\Python38-32\lib\site-packages\telebot\__init__.py", line 285, in __retrieve_updates
    updates = self.get_updates(offset=(self.last_update_id + 1), timeout=timeout)
  File "C:\Program Files (x86)\Python38-32\lib\site-packages\telebot\__init__.py", line 255, in get_updates
    json_updates = apihelper.get_updates(self.token, offset, limit, timeout, allowed_updates)
  File "C:\Program Files (x86)\Python38-32\lib\site-packages\telebot\apihelper.py", line 241, in get_updates
    return _make_request(token, method_url, params=payload)
  File "C:\Program Files (x86)\Python38-32\lib\site-packages\telebot\apihelper.py", line 102, in _make_request
    result = _get_req_session().request(
  File "C:\Program Files (x86)\Python38-32\lib\site-packages\requests\sessions.py", line 530, in request
    resp = self.send(prep, **send_kwargs)
  File "C:\Program Files (x86)\Python38-32\lib\site-packages\requests\sessions.py", line 643, in send
    r = adapter.send(request, **kwargs)
  File "C:\Program Files (x86)\Python38-32\lib\site-packages\requests\adapters.py", line 529, in send
    raise ReadTimeout(e, request=request)
requests.exceptions.ReadTimeout: HTTPSConnectionPool(host='api.telegram.org', port=443): Read timed out. (read timeout=30)

11.15.2020 10:57:37 goodbye ('127.0.0.1', 6822)
11.15.2020 10:57:37 listener closed
11.15.2020 10:57:37 server has terminated
11.15.2020 10:57:46 goodbye ('127.0.0.1', 14696)
11.15.2020 10:57:46 listener closed
11.15.2020 10:57:46 server has terminated
11.15.2020 10:58:12 
 Incoming message: /start from: ID 591342003 Kathy @NoWord
11.15.2020 11:01:59 goodbye ('127.0.0.1', 14734)
11.15.2020 11:01:59 listener closed
11.15.2020 11:01:59 server has terminated
11.15.2020 11:02:18 goodbye ('127.0.0.1', 14737)
11.15.2020 11:02:18 listener closed
11.15.2020 11:02:18 server has terminated
11.15.2020 11:02:51 ConnectionError occurred, args=(ProtocolError('Connection aborted.', ConnectionResetError(10054, 'Удаленный хост принудительно разорвал существующее подключение', None, 10054, None)),)
Traceback (most recent call last):
  File "C:\Program Files (x86)\Python38-32\lib\site-packages\urllib3\connectionpool.py", line 670, in urlopen
    httplib_response = self._make_request(
  File "C:\Program Files (x86)\Python38-32\lib\site-packages\urllib3\connectionpool.py", line 426, in _make_request
    six.raise_from(e, None)
  File "<string>", line 3, in raise_from
  File "C:\Program Files (x86)\Python38-32\lib\site-packages\urllib3\connectionpool.py", line 421, in _make_request
    httplib_response = conn.getresponse()
  File "C:\Program Files (x86)\Python38-32\lib\http\client.py", line 1347, in getresponse
    response.begin()
  File "C:\Program Files (x86)\Python38-32\lib\http\client.py", line 307, in begin
    version, status, reason = self._read_status()
  File "C:\Program Files (x86)\Python38-32\lib\http\client.py", line 268, in _read_status
    line = str(self.fp.readline(_MAXLINE + 1), "iso-8859-1")
  File "C:\Program Files (x86)\Python38-32\lib\socket.py", line 669, in readinto
    return self._sock.recv_into(b)
  File "C:\Program Files (x86)\Python38-32\lib\ssl.py", line 1241, in recv_into
    return self.read(nbytes, buffer)
  File "C:\Program Files (x86)\Python38-32\lib\ssl.py", line 1099, in read
    return self._sslobj.read(len, buffer)
ConnectionResetError: [WinError 10054] Удаленный хост принудительно разорвал существующее подключение

During handling of the above exception, another exception occurred:

Traceback (most recent call last):
  File "C:\Program Files (x86)\Python38-32\lib\site-packages\requests\adapters.py", line 439, in send
    resp = conn.urlopen(
  File "C:\Program Files (x86)\Python38-32\lib\site-packages\urllib3\connectionpool.py", line 726, in urlopen
    retries = retries.increment(
  File "C:\Program Files (x86)\Python38-32\lib\site-packages\urllib3\util\retry.py", line 403, in increment
    raise six.reraise(type(error), error, _stacktrace)
  File "C:\Program Files (x86)\Python38-32\lib\site-packages\urllib3\packages\six.py", line 734, in reraise
    raise value.with_traceback(tb)
  File "C:\Program Files (x86)\Python38-32\lib\site-packages\urllib3\connectionpool.py", line 670, in urlopen
    httplib_response = self._make_request(
  File "C:\Program Files (x86)\Python38-32\lib\site-packages\urllib3\connectionpool.py", line 426, in _make_request
    six.raise_from(e, None)
  File "<string>", line 3, in raise_from
  File "C:\Program Files (x86)\Python38-32\lib\site-packages\urllib3\connectionpool.py", line 421, in _make_request
    httplib_response = conn.getresponse()
  File "C:\Program Files (x86)\Python38-32\lib\http\client.py", line 1347, in getresponse
    response.begin()
  File "C:\Program Files (x86)\Python38-32\lib\http\client.py", line 307, in begin
    version, status, reason = self._read_status()
  File "C:\Program Files (x86)\Python38-32\lib\http\client.py", line 268, in _read_status
    line = str(self.fp.readline(_MAXLINE + 1), "iso-8859-1")
  File "C:\Program Files (x86)\Python38-32\lib\socket.py", line 669, in readinto
    return self._sock.recv_into(b)
  File "C:\Program Files (x86)\Python38-32\lib\ssl.py", line 1241, in recv_into
    return self.read(nbytes, buffer)
  File "C:\Program Files (x86)\Python38-32\lib\ssl.py", line 1099, in read
    return self._sslobj.read(len, buffer)
urllib3.exceptions.ProtocolError: ('Connection aborted.', ConnectionResetError(10054, 'Удаленный хост принудительно разорвал существующее подключение', None, 10054, None))

During handling of the above exception, another exception occurred:

Traceback (most recent call last):
  File "C:\Program Files (x86)\Python38-32\lib\site-packages\telebot\util.py", line 69, in run
    task(*args, **kwargs)
  File "C:\Program Files (x86)\Python38-32\lib\site-packages\telebot\__init__.py", line 285, in __retrieve_updates
    updates = self.get_updates(offset=(self.last_update_id + 1), timeout=timeout)
  File "C:\Program Files (x86)\Python38-32\lib\site-packages\telebot\__init__.py", line 255, in get_updates
    json_updates = apihelper.get_updates(self.token, offset, limit, timeout, allowed_updates)
  File "C:\Program Files (x86)\Python38-32\lib\site-packages\telebot\apihelper.py", line 241, in get_updates
    return _make_request(token, method_url, params=payload)
  File "C:\Program Files (x86)\Python38-32\lib\site-packages\telebot\apihelper.py", line 102, in _make_request
    result = _get_req_session().request(
  File "C:\Program Files (x86)\Python38-32\lib\site-packages\requests\sessions.py", line 530, in request
    resp = self.send(prep, **send_kwargs)
  File "C:\Program Files (x86)\Python38-32\lib\site-packages\requests\sessions.py", line 643, in send
    r = adapter.send(request, **kwargs)
  File "C:\Program Files (x86)\Python38-32\lib\site-packages\requests\adapters.py", line 498, in send
    raise ConnectionError(err, request=request)
requests.exceptions.ConnectionError: ('Connection aborted.', ConnectionResetError(10054, 'Удаленный хост принудительно разорвал существующее подключение', None, 10054, None))

11.15.2020 11:03:25 goodbye ('127.0.0.1', 14740)
11.15.2020 11:03:25 listener closed
11.15.2020 11:03:25 server has terminated
11.15.2020 11:04:47 goodbye ('127.0.0.1', 14763)
11.15.2020 11:04:47 listener closed
11.15.2020 11:04:47 server has terminated
11.15.2020 11:07:27 goodbye ('127.0.0.1', 14810)
11.15.2020 11:07:27 listener closed
11.15.2020 11:07:27 server has terminated
11.15.2020 11:08:28 goodbye ('127.0.0.1', 14827)
11.15.2020 11:08:28 listener closed
11.15.2020 11:08:28 server has terminated
11.15.2020 11:08:51 goodbye ('127.0.0.1', 14848)
11.15.2020 11:08:51 listener closed
11.15.2020 11:08:51 server has terminated
11.15.2020 11:09:02 
 Incoming message: /start from: ID 591342003 Kathy @NoWord
11.15.2020 11:09:53 goodbye ('127.0.0.1', 14854)
11.15.2020 11:09:53 listener closed
11.15.2020 11:09:53 server has terminated
